26-May-2022 10:39:22.008 INFO [main] org.apache.catalina.startup.VersionLoggerListener.log Server version name:   Apache Tomcat/8.5.78
26-May-2022 10:39:22.010 INFO [main] org.apache.catalina.startup.VersionLoggerListener.log Server built:          Mar 31 2022 16:05:28 UTC
26-May-2022 10:39:22.010 INFO [main] org.apache.catalina.startup.VersionLoggerListener.log Server version number: 8.5.78.0
26-May-2022 10:39:22.010 INFO [main] org.apache.catalina.startup.VersionLoggerListener.log OS Name:               Windows 10
26-May-2022 10:39:22.010 INFO [main] org.apache.catalina.startup.VersionLoggerListener.log OS Version:            10.0
26-May-2022 10:39:22.010 INFO [main] org.apache.catalina.startup.VersionLoggerListener.log Architecture:          amd64
26-May-2022 10:39:22.010 INFO [main] org.apache.catalina.startup.VersionLoggerListener.log Java Home:             C:\Program Files\Java\jdk-18
26-May-2022 10:39:22.010 INFO [main] org.apache.catalina.startup.VersionLoggerListener.log JVM Version:           18+36-2087
26-May-2022 10:39:22.011 INFO [main] org.apache.catalina.startup.VersionLoggerListener.log JVM Vendor:            Oracle Corporation
26-May-2022 10:39:22.011 INFO [main] org.apache.catalina.startup.VersionLoggerListener.log CATALINA_BASE:         D:\New folder-ki2-3\Ltr Web\apache-tomcat-8.5.78
26-May-2022 10:39:22.011 INFO [main] org.apache.catalina.startup.VersionLoggerListener.log CATALINA_HOME:         D:\New folder-ki2-3\Ltr Web\apache-tomcat-8.5.78
26-May-2022 10:39:22.011 INFO [main] org.apache.catalina.startup.VersionLoggerListener.log Command line argument: --add-opens=java.base/java.lang=ALL-UNNAMED
26-May-2022 10:39:22.011 INFO [main] org.apache.catalina.startup.VersionLoggerListener.log Command line argument: --add-opens=java.base/java.io=ALL-UNNAMED
26-May-2022 10:39:22.011 INFO [main] org.apache.catalina.startup.VersionLoggerListener.log Command line argument: --add-opens=java.base/java.util=ALL-UNNAMED
26-May-2022 10:39:22.011 INFO [main] org.apache.catalina.startup.VersionLoggerListener.log Command line argument: --add-opens=java.base/java.util.concurrent=ALL-UNNAMED
26-May-2022 10:39:22.011 INFO [main] org.apache.catalina.startup.VersionLoggerListener.log Command line argument: --add-opens=java.rmi/sun.rmi.transport=ALL-UNNAMED
26-May-2022 10:39:22.011 INFO [main] org.apache.catalina.startup.VersionLoggerListener.log Command line argument: -Djava.util.logging.config.file=D:\New folder-ki2-3\Ltr Web\apache-tomcat-8.5.78\conf\logging.properties
26-May-2022 10:39:22.011 INFO [main] org.apache.catalina.startup.VersionLoggerListener.log Command line argument: -Djava.util.logging.manager=org.apache.juli.ClassLoaderLogManager
26-May-2022 10:39:22.012 INFO [main] org.apache.catalina.startup.VersionLoggerListener.log Command line argument: -Dhttp.nonProxyHosts=localhost|127.0.0.1|LAPTOP-DFUDKLMQ
26-May-2022 10:39:22.012 INFO [main] org.apache.catalina.startup.VersionLoggerListener.log Command line argument: -Djdk.tls.ephemeralDHKeySize=2048
26-May-2022 10:39:22.012 INFO [main] org.apache.catalina.startup.VersionLoggerListener.log Command line argument: -Djava.protocol.handler.pkgs=org.apache.catalina.webresources
26-May-2022 10:39:22.012 INFO [main] org.apache.catalina.startup.VersionLoggerListener.log Command line argument: -Dignore.endorsed.dirs=
26-May-2022 10:39:22.012 INFO [main] org.apache.catalina.startup.VersionLoggerListener.log Command line argument: -Dcatalina.base=D:\New folder-ki2-3\Ltr Web\apache-tomcat-8.5.78
26-May-2022 10:39:22.012 INFO [main] org.apache.catalina.startup.VersionLoggerListener.log Command line argument: -Dcatalina.home=D:\New folder-ki2-3\Ltr Web\apache-tomcat-8.5.78
26-May-2022 10:39:22.012 INFO [main] org.apache.catalina.startup.VersionLoggerListener.log Command line argument: -Djava.io.tmpdir=D:\New folder-ki2-3\Ltr Web\apache-tomcat-8.5.78\temp
26-May-2022 10:39:22.012 INFO [main] org.apache.catalina.core.AprLifecycleListener.lifecycleEvent Loaded Apache Tomcat Native library [1.2.32] using APR version [1.7.0].
26-May-2022 10:39:22.012 INFO [main] org.apache.catalina.core.AprLifecycleListener.lifecycleEvent APR capabilities: IPv6 [true], sendfile [true], accept filters [false], random [true], UDS [{4}].
26-May-2022 10:39:22.030 INFO [main] org.apache.catalina.core.AprLifecycleListener.lifecycleEvent APR/OpenSSL configuration: useAprConnector [false], useOpenSSL [true]
26-May-2022 10:39:22.040 INFO [main] org.apache.catalina.core.AprLifecycleListener.initializeSSL OpenSSL successfully initialized [OpenSSL 1.1.1n  15 Mar 2022]
26-May-2022 10:39:22.079 INFO [main] org.apache.coyote.AbstractProtocol.init Initializing ProtocolHandler ["http-nio-8080"]
26-May-2022 10:39:22.104 INFO [main] org.apache.catalina.startup.Catalina.load Initialization processed in 392 ms
26-May-2022 10:39:22.153 INFO [main] org.apache.catalina.core.StandardService.startInternal Starting service [Catalina]
26-May-2022 10:39:22.153 INFO [main] org.apache.catalina.core.StandardEngine.startInternal Starting Servlet engine: [Apache Tomcat/8.5.78]
26-May-2022 10:39:22.165 INFO [localhost-startStop-1] org.apache.catalina.startup.HostConfig.deployDescriptor Deploying deployment descriptor [D:\New folder-ki2-3\Ltr Web\apache-tomcat-8.5.78\conf\Catalina\localhost\shopLaptop.xml]
26-May-2022 10:39:22.672 INFO [localhost-startStop-1] org.apache.jasper.servlet.TldScanner.scanJars At least one JAR was scanned for TLDs yet contained no TLDs. Enable debug logging for this logger for a complete list of JARs that were scanned but no TLDs were found in them. Skipping unneeded JARs during scanning can improve startup time and JSP compilation time.
26-May-2022 10:39:22.756 INFO [localhost-startStop-1] org.apache.catalina.startup.HostConfig.deployDescriptor Deployment of deployment descriptor [D:\New folder-ki2-3\Ltr Web\apache-tomcat-8.5.78\conf\Catalina\localhost\shopLaptop.xml] has finished in [590] ms
26-May-2022 10:39:22.756 INFO [localhost-startStop-1] org.apache.catalina.startup.HostConfig.deployDirectory Deploying web application directory [D:\New folder-ki2-3\Ltr Web\apache-tomcat-8.5.78\webapps\docs]
26-May-2022 10:39:22.771 INFO [localhost-startStop-1] org.apache.catalina.startup.HostConfig.deployDirectory Deployment of web application directory [D:\New folder-ki2-3\Ltr Web\apache-tomcat-8.5.78\webapps\docs] has finished in [15] ms
26-May-2022 10:39:22.771 INFO [localhost-startStop-1] org.apache.catalina.startup.HostConfig.deployDirectory Deploying web application directory [D:\New folder-ki2-3\Ltr Web\apache-tomcat-8.5.78\webapps\examples]
26-May-2022 10:39:23.091 INFO [localhost-startStop-1] org.apache.catalina.startup.HostConfig.deployDirectory Deployment of web application directory [D:\New folder-ki2-3\Ltr Web\apache-tomcat-8.5.78\webapps\examples] has finished in [320] ms
26-May-2022 10:39:23.091 INFO [localhost-startStop-1] org.apache.catalina.startup.HostConfig.deployDirectory Deploying web application directory [D:\New folder-ki2-3\Ltr Web\apache-tomcat-8.5.78\webapps\host-manager]
26-May-2022 10:39:23.119 INFO [localhost-startStop-1] org.apache.catalina.startup.HostConfig.deployDirectory Deployment of web application directory [D:\New folder-ki2-3\Ltr Web\apache-tomcat-8.5.78\webapps\host-manager] has finished in [27] ms
26-May-2022 10:39:23.119 INFO [localhost-startStop-1] org.apache.catalina.startup.HostConfig.deployDirectory Deploying web application directory [D:\New folder-ki2-3\Ltr Web\apache-tomcat-8.5.78\webapps\manager]
26-May-2022 10:39:23.142 INFO [localhost-startStop-1] org.apache.catalina.startup.HostConfig.deployDirectory Deployment of web application directory [D:\New folder-ki2-3\Ltr Web\apache-tomcat-8.5.78\webapps\manager] has finished in [23] ms
26-May-2022 10:39:23.142 INFO [localhost-startStop-1] org.apache.catalina.startup.HostConfig.deployDirectory Deploying web application directory [D:\New folder-ki2-3\Ltr Web\apache-tomcat-8.5.78\webapps\ROOT]
26-May-2022 10:39:23.159 INFO [localhost-startStop-1] org.apache.catalina.startup.HostConfig.deployDirectory Deployment of web application directory [D:\New folder-ki2-3\Ltr Web\apache-tomcat-8.5.78\webapps\ROOT] has finished in [17] ms
26-May-2022 10:39:23.162 INFO [main] org.apache.coyote.AbstractProtocol.start Starting ProtocolHandler ["http-nio-8080"]
26-May-2022 10:39:23.200 INFO [main] org.apache.catalina.startup.Catalina.start Server startup in 1095 ms
26-May-2022 11:10:18.638 INFO [main] org.apache.catalina.core.StandardServer.await A valid shutdown command was received via the shutdown port. Stopping the Server instance.
26-May-2022 11:10:18.639 INFO [main] org.apache.coyote.AbstractProtocol.pause Pausing ProtocolHandler ["http-nio-8080"]
26-May-2022 11:10:18.652 INFO [main] org.apache.catalina.core.StandardService.stopInternal Stopping service [Catalina]
26-May-2022 11:10:18.661 WARNING [localhost-startStop-2] org.apache.catalina.loader.WebappClassLoaderBase.clearReferencesJdbc The web application [shopLaptop] registered the JDBC driver [com.microsoft.sqlserver.jdbc.SQLServerDriver] but failed to unregister it when the web application was stopped. To prevent a memory leak, the JDBC Driver has been forcibly unregistered.
26-May-2022 11:10:18.663 SEVERE [localhost-startStop-2] org.apache.catalina.loader.WebappClassLoaderBase.checkThreadLocalMapForLeaks The web application [shopLaptop] created a ThreadLocal with key of type [com.microsoft.sqlserver.jdbc.ActivityCorrelator$1] (value [com.microsoft.sqlserver.jdbc.ActivityCorrelator$1@43399e51]) and a value of type [com.microsoft.sqlserver.jdbc.ActivityId] (value [72e8ec0a-da96-4ca3-a1ca-a35c024f1351-0]) but failed to remove it when the web application was stopped. Threads are going to be renewed over time to try and avoid a probable memory leak.
26-May-2022 11:10:18.678 INFO [main] org.apache.coyote.AbstractProtocol.stop Stopping ProtocolHandler ["http-nio-8080"]
26-May-2022 11:10:18.684 INFO [main] org.apache.coyote.AbstractProtocol.destroy Destroying ProtocolHandler ["http-nio-8080"]
26-May-2022 21:01:49.931 INFO [main] org.apache.catalina.startup.VersionLoggerListener.log Server version name:   Apache Tomcat/8.5.78
26-May-2022 21:01:49.932 INFO [main] org.apache.catalina.startup.VersionLoggerListener.log Server built:          Mar 31 2022 16:05:28 UTC
26-May-2022 21:01:49.932 INFO [main] org.apache.catalina.startup.VersionLoggerListener.log Server version number: 8.5.78.0
26-May-2022 21:01:49.932 INFO [main] org.apache.catalina.startup.VersionLoggerListener.log OS Name:               Windows 10
26-May-2022 21:01:49.932 INFO [main] org.apache.catalina.startup.VersionLoggerListener.log OS Version:            10.0
26-May-2022 21:01:49.932 INFO [main] org.apache.catalina.startup.VersionLoggerListener.log Architecture:          amd64
26-May-2022 21:01:49.933 INFO [main] org.apache.catalina.startup.VersionLoggerListener.log Java Home:             C:\Program Files\Java\jdk-18
26-May-2022 21:01:49.933 INFO [main] org.apache.catalina.startup.VersionLoggerListener.log JVM Version:           18+36-2087
26-May-2022 21:01:49.933 INFO [main] org.apache.catalina.startup.VersionLoggerListener.log JVM Vendor:            Oracle Corporation
26-May-2022 21:01:49.934 INFO [main] org.apache.catalina.startup.VersionLoggerListener.log CATALINA_BASE:         D:\New folder-ki2-3\Ltr Web\apache-tomcat-8.5.78
26-May-2022 21:01:49.934 INFO [main] org.apache.catalina.startup.VersionLoggerListener.log CATALINA_HOME:         D:\New folder-ki2-3\Ltr Web\apache-tomcat-8.5.78
26-May-2022 21:01:49.934 INFO [main] org.apache.catalina.startup.VersionLoggerListener.log Command line argument: --add-opens=java.base/java.lang=ALL-UNNAMED
26-May-2022 21:01:49.934 INFO [main] org.apache.catalina.startup.VersionLoggerListener.log Command line argument: --add-opens=java.base/java.io=ALL-UNNAMED
26-May-2022 21:01:49.935 INFO [main] org.apache.catalina.startup.VersionLoggerListener.log Command line argument: --add-opens=java.base/java.util=ALL-UNNAMED
26-May-2022 21:01:49.935 INFO [main] org.apache.catalina.startup.VersionLoggerListener.log Command line argument: --add-opens=java.base/java.util.concurrent=ALL-UNNAMED
26-May-2022 21:01:49.935 INFO [main] org.apache.catalina.startup.VersionLoggerListener.log Command line argument: --add-opens=java.rmi/sun.rmi.transport=ALL-UNNAMED
26-May-2022 21:01:49.935 INFO [main] org.apache.catalina.startup.VersionLoggerListener.log Command line argument: -Djava.util.logging.config.file=D:\New folder-ki2-3\Ltr Web\apache-tomcat-8.5.78\conf\logging.properties
26-May-2022 21:01:49.935 INFO [main] org.apache.catalina.startup.VersionLoggerListener.log Command line argument: -Djava.util.logging.manager=org.apache.juli.ClassLoaderLogManager
26-May-2022 21:01:49.935 INFO [main] org.apache.catalina.startup.VersionLoggerListener.log Command line argument: -Dhttp.nonProxyHosts=localhost|127.0.0.1|LAPTOP-DFUDKLMQ
26-May-2022 21:01:49.935 INFO [main] org.apache.catalina.startup.VersionLoggerListener.log Command line argument: -Djdk.tls.ephemeralDHKeySize=2048
26-May-2022 21:01:49.935 INFO [main] org.apache.catalina.startup.VersionLoggerListener.log Command line argument: -Djava.protocol.handler.pkgs=org.apache.catalina.webresources
26-May-2022 21:01:49.936 INFO [main] org.apache.catalina.startup.VersionLoggerListener.log Command line argument: -Dignore.endorsed.dirs=
26-May-2022 21:01:49.936 INFO [main] org.apache.catalina.startup.VersionLoggerListener.log Command line argument: -Dcatalina.base=D:\New folder-ki2-3\Ltr Web\apache-tomcat-8.5.78
26-May-2022 21:01:49.937 INFO [main] org.apache.catalina.startup.VersionLoggerListener.log Command line argument: -Dcatalina.home=D:\New folder-ki2-3\Ltr Web\apache-tomcat-8.5.78
26-May-2022 21:01:49.937 INFO [main] org.apache.catalina.startup.VersionLoggerListener.log Command line argument: -Djava.io.tmpdir=D:\New folder-ki2-3\Ltr Web\apache-tomcat-8.5.78\temp
26-May-2022 21:01:49.937 INFO [main] org.apache.catalina.core.AprLifecycleListener.lifecycleEvent Loaded Apache Tomcat Native library [1.2.32] using APR version [1.7.0].
26-May-2022 21:01:49.937 INFO [main] org.apache.catalina.core.AprLifecycleListener.lifecycleEvent APR capabilities: IPv6 [true], sendfile [true], accept filters [false], random [true], UDS [{4}].
26-May-2022 21:01:50.013 INFO [main] org.apache.catalina.core.AprLifecycleListener.lifecycleEvent APR/OpenSSL configuration: useAprConnector [false], useOpenSSL [true]
26-May-2022 21:01:50.037 INFO [main] org.apache.catalina.core.AprLifecycleListener.initializeSSL OpenSSL successfully initialized [OpenSSL 1.1.1n  15 Mar 2022]
26-May-2022 21:01:50.100 INFO [main] org.apache.coyote.AbstractProtocol.init Initializing ProtocolHandler ["http-nio-8080"]
26-May-2022 21:01:50.123 INFO [main] org.apache.catalina.startup.Catalina.load Initialization processed in 699 ms
26-May-2022 21:01:50.170 INFO [main] org.apache.catalina.core.StandardService.startInternal Starting service [Catalina]
26-May-2022 21:01:50.170 INFO [main] org.apache.catalina.core.StandardEngine.startInternal Starting Servlet engine: [Apache Tomcat/8.5.78]
26-May-2022 21:01:50.179 INFO [localhost-startStop-1] org.apache.catalina.startup.HostConfig.deployDescriptor Deploying deployment descriptor [D:\New folder-ki2-3\Ltr Web\apache-tomcat-8.5.78\conf\Catalina\localhost\shopLaptop.xml]
26-May-2022 21:01:51.003 INFO [localhost-startStop-1] org.apache.jasper.servlet.TldScanner.scanJars At least one JAR was scanned for TLDs yet contained no TLDs. Enable debug logging for this logger for a complete list of JARs that were scanned but no TLDs were found in them. Skipping unneeded JARs during scanning can improve startup time and JSP compilation time.
26-May-2022 21:01:51.118 INFO [localhost-startStop-1] org.apache.catalina.startup.HostConfig.deployDescriptor Deployment of deployment descriptor [D:\New folder-ki2-3\Ltr Web\apache-tomcat-8.5.78\conf\Catalina\localhost\shopLaptop.xml] has finished in [939] ms
26-May-2022 21:01:51.120 INFO [localhost-startStop-1] org.apache.catalina.startup.HostConfig.deployDirectory Deploying web application directory [D:\New folder-ki2-3\Ltr Web\apache-tomcat-8.5.78\webapps\docs]
26-May-2022 21:01:51.147 INFO [localhost-startStop-1] org.apache.catalina.startup.HostConfig.deployDirectory Deployment of web application directory [D:\New folder-ki2-3\Ltr Web\apache-tomcat-8.5.78\webapps\docs] has finished in [28] ms
26-May-2022 21:01:51.148 INFO [localhost-startStop-1] org.apache.catalina.startup.HostConfig.deployDirectory Deploying web application directory [D:\New folder-ki2-3\Ltr Web\apache-tomcat-8.5.78\webapps\examples]
26-May-2022 21:01:51.896 INFO [localhost-startStop-1] org.apache.catalina.startup.HostConfig.deployDirectory Deployment of web application directory [D:\New folder-ki2-3\Ltr Web\apache-tomcat-8.5.78\webapps\examples] has finished in [748] ms
26-May-2022 21:01:51.896 INFO [localhost-startStop-1] org.apache.catalina.startup.HostConfig.deployDirectory Deploying web application directory [D:\New folder-ki2-3\Ltr Web\apache-tomcat-8.5.78\webapps\host-manager]
26-May-2022 21:01:51.938 INFO [localhost-startStop-1] org.apache.catalina.startup.HostConfig.deployDirectory Deployment of web application directory [D:\New folder-ki2-3\Ltr Web\apache-tomcat-8.5.78\webapps\host-manager] has finished in [42] ms
26-May-2022 21:01:51.938 INFO [localhost-startStop-1] org.apache.catalina.startup.HostConfig.deployDirectory Deploying web application directory [D:\New folder-ki2-3\Ltr Web\apache-tomcat-8.5.78\webapps\manager]
26-May-2022 21:01:51.972 INFO [localhost-startStop-1] org.apache.catalina.startup.HostConfig.deployDirectory Deployment of web application directory [D:\New folder-ki2-3\Ltr Web\apache-tomcat-8.5.78\webapps\manager] has finished in [34] ms
26-May-2022 21:01:51.972 INFO [localhost-startStop-1] org.apache.catalina.startup.HostConfig.deployDirectory Deploying web application directory [D:\New folder-ki2-3\Ltr Web\apache-tomcat-8.5.78\webapps\ROOT]
26-May-2022 21:01:51.998 INFO [localhost-startStop-1] org.apache.catalina.startup.HostConfig.deployDirectory Deployment of web application directory [D:\New folder-ki2-3\Ltr Web\apache-tomcat-8.5.78\webapps\ROOT] has finished in [26] ms
26-May-2022 21:01:52.001 INFO [main] org.apache.coyote.AbstractProtocol.start Starting ProtocolHandler ["http-nio-8080"]
26-May-2022 21:01:52.063 INFO [main] org.apache.catalina.startup.Catalina.start Server startup in 1937 ms
26-May-2022 21:01:54.436 INFO [http-nio-8080-exec-9] org.apache.catalina.startup.HostConfig.undeploy Undeploying context []
26-May-2022 21:01:54.472 INFO [http-nio-8080-exec-7] org.apache.catalina.startup.HostConfig.deployDescriptor Deploying deployment descriptor [D:\New folder-ki2-3\Ltr Web\apache-tomcat-8.5.78\conf\Catalina\localhost\ROOT.xml]
26-May-2022 21:01:55.005 INFO [http-nio-8080-exec-7] org.apache.jasper.servlet.TldScanner.scanJars At least one JAR was scanned for TLDs yet contained no TLDs. Enable debug logging for this logger for a complete list of JARs that were scanned but no TLDs were found in them. Skipping unneeded JARs during scanning can improve startup time and JSP compilation time.
26-May-2022 21:01:55.028 INFO [http-nio-8080-exec-7] org.apache.catalina.startup.HostConfig.deployDescriptor Deployment of deployment descriptor [D:\New folder-ki2-3\Ltr Web\apache-tomcat-8.5.78\conf\Catalina\localhost\ROOT.xml] has finished in [556] ms
26-May-2022 21:01:55.034 INFO [http-nio-8080-exec-6] org.apache.catalina.util.LifecycleBase.start The start() method was called on component [StandardEngine[Catalina].StandardHost[localhost].StandardContext[]] after start() had already been called. The second call will be ignored.
26-May-2022 21:23:36.956 WARNING [http-nio-8080-exec-16] org.apache.catalina.webresources.AbstractFileResourceSet.logIgnoredSymlink Resource for web application [] at path [/WEB-INF./index.html] was not loaded as the canonical path [/WEB-INF/index.html] did not match. Use of symlinks is one possible cause.
26-May-2022 21:23:36.956 WARNING [http-nio-8080-exec-16] org.apache.catalina.webresources.AbstractFileResourceSet.logIgnoredSymlink Resource for web application [] at path [/WEB-INF./index.htm] was not loaded as the canonical path [/WEB-INF/index.htm] did not match. Use of symlinks is one possible cause.
26-May-2022 21:23:36.956 WARNING [http-nio-8080-exec-16] org.apache.catalina.webresources.AbstractFileResourceSet.logIgnoredSymlink Resource for web application [] at path [/WEB-INF./index.jsp] was not loaded as the canonical path [/WEB-INF/index.jsp] did not match. Use of symlinks is one possible cause.
26-May-2022 21:23:36.956 WARNING [http-nio-8080-exec-16] org.apache.catalina.webresources.AbstractFileResourceSet.logIgnoredSymlink Resource for web application [] at path [/WEB-INF.] was not loaded as the canonical path [/WEB-INF] did not match. Use of symlinks is one possible cause.
26-May-2022 21:23:36.961 WARNING [http-nio-8080-exec-18] org.apache.catalina.webresources.AbstractFileResourceSet.logIgnoredSymlink Resource for web application [] at path [/WEB-INF./web.xml] was not loaded as the canonical path [/WEB-INF/web.xml] did not match. Use of symlinks is one possible cause.
26-May-2022 21:38:58.296 INFO [main] org.apache.catalina.core.StandardServer.await A valid shutdown command was received via the shutdown port. Stopping the Server instance.
26-May-2022 21:38:58.297 INFO [main] org.apache.coyote.AbstractProtocol.pause Pausing ProtocolHandler ["http-nio-8080"]
26-May-2022 21:38:58.305 INFO [main] org.apache.catalina.core.StandardService.stopInternal Stopping service [Catalina]
26-May-2022 21:38:58.314 WARNING [localhost-startStop-2] org.apache.catalina.loader.WebappClassLoaderBase.clearReferencesJdbc The web application [ROOT] registered the JDBC driver [com.mysql.cj.jdbc.Driver] but failed to unregister it when the web application was stopped. To prevent a memory leak, the JDBC Driver has been forcibly unregistered.
26-May-2022 21:38:58.315 WARNING [localhost-startStop-2] org.apache.catalina.loader.WebappClassLoaderBase.clearReferencesThreads The web application [ROOT] appears to have started a thread named [mysql-cj-abandoned-connection-cleanup] but has failed to stop it. This is very likely to create a memory leak. Stack trace of thread:
 java.base@18/java.lang.Object.wait(Native Method)
 java.base@18/java.lang.ref.ReferenceQueue.remove(ReferenceQueue.java:155)
 com.mysql.cj.jdbc.AbandonedConnectionCleanupThread.run(AbandonedConnectionCleanupThread.java:91)
 java.base@18/java.util.concurrent.ThreadPoolExecutor.runWorker(ThreadPoolExecutor.java:1136)
 java.base@18/java.util.concurrent.ThreadPoolExecutor$Worker.run(ThreadPoolExecutor.java:635)
 java.base@18/java.lang.Thread.run(Thread.java:833)
26-May-2022 21:38:58.323 INFO [main] org.apache.coyote.AbstractProtocol.stop Stopping ProtocolHandler ["http-nio-8080"]
26-May-2022 21:38:58.328 INFO [main] org.apache.coyote.AbstractProtocol.destroy Destroying ProtocolHandler ["http-nio-8080"]
26-May-2022 21:39:13.905 INFO [main] org.apache.catalina.startup.VersionLoggerListener.log Server version name:   Apache Tomcat/8.5.78
26-May-2022 21:39:13.907 INFO [main] org.apache.catalina.startup.VersionLoggerListener.log Server built:          Mar 31 2022 16:05:28 UTC
26-May-2022 21:39:13.907 INFO [main] org.apache.catalina.startup.VersionLoggerListener.log Server version number: 8.5.78.0
26-May-2022 21:39:13.907 INFO [main] org.apache.catalina.startup.VersionLoggerListener.log OS Name:               Windows 10
26-May-2022 21:39:13.907 INFO [main] org.apache.catalina.startup.VersionLoggerListener.log OS Version:            10.0
26-May-2022 21:39:13.907 INFO [main] org.apache.catalina.startup.VersionLoggerListener.log Architecture:          amd64
26-May-2022 21:39:13.908 INFO [main] org.apache.catalina.startup.VersionLoggerListener.log Java Home:             C:\Program Files\Java\jdk-18
26-May-2022 21:39:13.908 INFO [main] org.apache.catalina.startup.VersionLoggerListener.log JVM Version:           18+36-2087
26-May-2022 21:39:13.908 INFO [main] org.apache.catalina.startup.VersionLoggerListener.log JVM Vendor:            Oracle Corporation
26-May-2022 21:39:13.908 INFO [main] org.apache.catalina.startup.VersionLoggerListener.log CATALINA_BASE:         D:\New folder-ki2-3\Ltr Web\apache-tomcat-8.5.78
26-May-2022 21:39:13.908 INFO [main] org.apache.catalina.startup.VersionLoggerListener.log CATALINA_HOME:         D:\New folder-ki2-3\Ltr Web\apache-tomcat-8.5.78
26-May-2022 21:39:13.908 INFO [main] org.apache.catalina.startup.VersionLoggerListener.log Command line argument: --add-opens=java.base/java.lang=ALL-UNNAMED
26-May-2022 21:39:13.909 INFO [main] org.apache.catalina.startup.VersionLoggerListener.log Command line argument: --add-opens=java.base/java.io=ALL-UNNAMED
26-May-2022 21:39:13.909 INFO [main] org.apache.catalina.startup.VersionLoggerListener.log Command line argument: --add-opens=java.base/java.util=ALL-UNNAMED
26-May-2022 21:39:13.909 INFO [main] org.apache.catalina.startup.VersionLoggerListener.log Command line argument: --add-opens=java.base/java.util.concurrent=ALL-UNNAMED
26-May-2022 21:39:13.909 INFO [main] org.apache.catalina.startup.VersionLoggerListener.log Command line argument: --add-opens=java.rmi/sun.rmi.transport=ALL-UNNAMED
26-May-2022 21:39:13.909 INFO [main] org.apache.catalina.startup.VersionLoggerListener.log Command line argument: -Djava.util.logging.config.file=D:\New folder-ki2-3\Ltr Web\apache-tomcat-8.5.78\conf\logging.properties
26-May-2022 21:39:13.909 INFO [main] org.apache.catalina.startup.VersionLoggerListener.log Command line argument: -Djava.util.logging.manager=org.apache.juli.ClassLoaderLogManager
26-May-2022 21:39:13.909 INFO [main] org.apache.catalina.startup.VersionLoggerListener.log Command line argument: -Dhttp.nonProxyHosts=localhost|127.0.0.1|LAPTOP-DFUDKLMQ
26-May-2022 21:39:13.909 INFO [main] org.apache.catalina.startup.VersionLoggerListener.log Command line argument: -Djdk.tls.ephemeralDHKeySize=2048
26-May-2022 21:39:13.909 INFO [main] org.apache.catalina.startup.VersionLoggerListener.log Command line argument: -Djava.protocol.handler.pkgs=org.apache.catalina.webresources
26-May-2022 21:39:13.909 INFO [main] org.apache.catalina.startup.VersionLoggerListener.log Command line argument: -Dignore.endorsed.dirs=
26-May-2022 21:39:13.909 INFO [main] org.apache.catalina.startup.VersionLoggerListener.log Command line argument: -Dcatalina.base=D:\New folder-ki2-3\Ltr Web\apache-tomcat-8.5.78
26-May-2022 21:39:13.909 INFO [main] org.apache.catalina.startup.VersionLoggerListener.log Command line argument: -Dcatalina.home=D:\New folder-ki2-3\Ltr Web\apache-tomcat-8.5.78
26-May-2022 21:39:13.909 INFO [main] org.apache.catalina.startup.VersionLoggerListener.log Command line argument: -Djava.io.tmpdir=D:\New folder-ki2-3\Ltr Web\apache-tomcat-8.5.78\temp
26-May-2022 21:39:13.909 INFO [main] org.apache.catalina.core.AprLifecycleListener.lifecycleEvent Loaded Apache Tomcat Native library [1.2.32] using APR version [1.7.0].
26-May-2022 21:39:13.909 INFO [main] org.apache.catalina.core.AprLifecycleListener.lifecycleEvent APR capabilities: IPv6 [true], sendfile [true], accept filters [false], random [true], UDS [{4}].
26-May-2022 21:39:13.912 INFO [main] org.apache.catalina.core.AprLifecycleListener.lifecycleEvent APR/OpenSSL configuration: useAprConnector [false], useOpenSSL [true]
26-May-2022 21:39:13.915 INFO [main] org.apache.catalina.core.AprLifecycleListener.initializeSSL OpenSSL successfully initialized [OpenSSL 1.1.1n  15 Mar 2022]
26-May-2022 21:39:13.943 INFO [main] org.apache.coyote.AbstractProtocol.init Initializing ProtocolHandler ["http-nio-8080"]
26-May-2022 21:39:13.958 INFO [main] org.apache.catalina.startup.Catalina.load Initialization processed in 310 ms
26-May-2022 21:39:13.984 INFO [main] org.apache.catalina.core.StandardService.startInternal Starting service [Catalina]
26-May-2022 21:39:13.985 INFO [main] org.apache.catalina.core.StandardEngine.startInternal Starting Servlet engine: [Apache Tomcat/8.5.78]
26-May-2022 21:39:13.990 INFO [localhost-startStop-1] org.apache.catalina.startup.HostConfig.deployDescriptor Deploying deployment descriptor [D:\New folder-ki2-3\Ltr Web\apache-tomcat-8.5.78\conf\Catalina\localhost\ROOT.xml]
26-May-2022 21:39:14.548 INFO [localhost-startStop-1] org.apache.jasper.servlet.TldScanner.scanJars At least one JAR was scanned for TLDs yet contained no TLDs. Enable debug logging for this logger for a complete list of JARs that were scanned but no TLDs were found in them. Skipping unneeded JARs during scanning can improve startup time and JSP compilation time.
26-May-2022 21:39:14.617 INFO [localhost-startStop-1] org.apache.catalina.startup.HostConfig.deployDescriptor Deployment of deployment descriptor [D:\New folder-ki2-3\Ltr Web\apache-tomcat-8.5.78\conf\Catalina\localhost\ROOT.xml] has finished in [627] ms
26-May-2022 21:39:14.617 INFO [localhost-startStop-1] org.apache.catalina.startup.HostConfig.deployDescriptor Deploying deployment descriptor [D:\New folder-ki2-3\Ltr Web\apache-tomcat-8.5.78\conf\Catalina\localhost\shopLaptop.xml]
26-May-2022 21:39:14.748 INFO [localhost-startStop-1] org.apache.jasper.servlet.TldScanner.scanJars At least one JAR was scanned for TLDs yet contained no TLDs. Enable debug logging for this logger for a complete list of JARs that were scanned but no TLDs were found in them. Skipping unneeded JARs during scanning can improve startup time and JSP compilation time.
26-May-2022 21:39:14.758 INFO [localhost-startStop-1] org.apache.catalina.startup.HostConfig.deployDescriptor Deployment of deployment descriptor [D:\New folder-ki2-3\Ltr Web\apache-tomcat-8.5.78\conf\Catalina\localhost\shopLaptop.xml] has finished in [141] ms
26-May-2022 21:39:14.759 INFO [localhost-startStop-1] org.apache.catalina.startup.HostConfig.deployDirectory Deploying web application directory [D:\New folder-ki2-3\Ltr Web\apache-tomcat-8.5.78\webapps\docs]
26-May-2022 21:39:14.774 INFO [localhost-startStop-1] org.apache.catalina.startup.HostConfig.deployDirectory Deployment of web application directory [D:\New folder-ki2-3\Ltr Web\apache-tomcat-8.5.78\webapps\docs] has finished in [15] ms
26-May-2022 21:39:14.775 INFO [localhost-startStop-1] org.apache.catalina.startup.HostConfig.deployDirectory Deploying web application directory [D:\New folder-ki2-3\Ltr Web\apache-tomcat-8.5.78\webapps\examples]
26-May-2022 21:39:14.936 INFO [localhost-startStop-1] org.apache.catalina.startup.HostConfig.deployDirectory Deployment of web application directory [D:\New folder-ki2-3\Ltr Web\apache-tomcat-8.5.78\webapps\examples] has finished in [161] ms
26-May-2022 21:39:14.936 INFO [localhost-startStop-1] org.apache.catalina.startup.HostConfig.deployDirectory Deploying web application directory [D:\New folder-ki2-3\Ltr Web\apache-tomcat-8.5.78\webapps\host-manager]
26-May-2022 21:39:14.960 INFO [localhost-startStop-1] org.apache.catalina.startup.HostConfig.deployDirectory Deployment of web application directory [D:\New folder-ki2-3\Ltr Web\apache-tomcat-8.5.78\webapps\host-manager] has finished in [24] ms
26-May-2022 21:39:14.960 INFO [localhost-startStop-1] org.apache.catalina.startup.HostConfig.deployDirectory Deploying web application directory [D:\New folder-ki2-3\Ltr Web\apache-tomcat-8.5.78\webapps\manager]
26-May-2022 21:39:14.983 INFO [localhost-startStop-1] org.apache.catalina.startup.HostConfig.deployDirectory Deployment of web application directory [D:\New folder-ki2-3\Ltr Web\apache-tomcat-8.5.78\webapps\manager] has finished in [22] ms
26-May-2022 21:39:14.985 INFO [main] org.apache.coyote.AbstractProtocol.start Starting ProtocolHandler ["http-nio-8080"]
26-May-2022 21:39:15.021 INFO [main] org.apache.catalina.startup.Catalina.start Server startup in 1061 ms
26-May-2022 21:39:24.827 INFO [main] org.apache.catalina.core.StandardServer.await A valid shutdown command was received via the shutdown port. Stopping the Server instance.
26-May-2022 21:39:24.827 INFO [main] org.apache.coyote.AbstractProtocol.pause Pausing ProtocolHandler ["http-nio-8080"]
26-May-2022 21:39:24.840 INFO [main] org.apache.catalina.core.StandardService.stopInternal Stopping service [Catalina]
26-May-2022 21:39:24.847 WARNING [localhost-startStop-1] org.apache.catalina.loader.WebappClassLoaderBase.clearReferencesJdbc The web application [ROOT] registered the JDBC driver [com.mysql.cj.jdbc.Driver] but failed to unregister it when the web application was stopped. To prevent a memory leak, the JDBC Driver has been forcibly unregistered.
26-May-2022 21:39:24.848 WARNING [localhost-startStop-1] org.apache.catalina.loader.WebappClassLoaderBase.clearReferencesThreads The web application [ROOT] appears to have started a thread named [mysql-cj-abandoned-connection-cleanup] but has failed to stop it. This is very likely to create a memory leak. Stack trace of thread:
 java.base@18/java.lang.Object.wait(Native Method)
 java.base@18/java.lang.ref.ReferenceQueue.remove(ReferenceQueue.java:155)
 com.mysql.cj.jdbc.AbandonedConnectionCleanupThread.run(AbandonedConnectionCleanupThread.java:91)
 java.base@18/java.util.concurrent.ThreadPoolExecutor.runWorker(ThreadPoolExecutor.java:1136)
 java.base@18/java.util.concurrent.ThreadPoolExecutor$Worker.run(ThreadPoolExecutor.java:635)
 java.base@18/java.lang.Thread.run(Thread.java:833)
26-May-2022 21:39:24.859 INFO [main] org.apache.coyote.AbstractProtocol.stop Stopping ProtocolHandler ["http-nio-8080"]
26-May-2022 21:39:24.862 INFO [main] org.apache.coyote.AbstractProtocol.destroy Destroying ProtocolHandler ["http-nio-8080"]
26-May-2022 21:39:27.654 INFO [main] org.apache.catalina.startup.VersionLoggerListener.log Server version name:   Apache Tomcat/8.5.78
26-May-2022 21:39:27.656 INFO [main] org.apache.catalina.startup.VersionLoggerListener.log Server built:          Mar 31 2022 16:05:28 UTC
26-May-2022 21:39:27.656 INFO [main] org.apache.catalina.startup.VersionLoggerListener.log Server version number: 8.5.78.0
26-May-2022 21:39:27.656 INFO [main] org.apache.catalina.startup.VersionLoggerListener.log OS Name:               Windows 10
26-May-2022 21:39:27.656 INFO [main] org.apache.catalina.startup.VersionLoggerListener.log OS Version:            10.0
26-May-2022 21:39:27.656 INFO [main] org.apache.catalina.startup.VersionLoggerListener.log Architecture:          amd64
26-May-2022 21:39:27.656 INFO [main] org.apache.catalina.startup.VersionLoggerListener.log Java Home:             C:\Program Files\Java\jdk-18
26-May-2022 21:39:27.656 INFO [main] org.apache.catalina.startup.VersionLoggerListener.log JVM Version:           18+36-2087
26-May-2022 21:39:27.656 INFO [main] org.apache.catalina.startup.VersionLoggerListener.log JVM Vendor:            Oracle Corporation
26-May-2022 21:39:27.656 INFO [main] org.apache.catalina.startup.VersionLoggerListener.log CATALINA_BASE:         D:\New folder-ki2-3\Ltr Web\apache-tomcat-8.5.78
26-May-2022 21:39:27.656 INFO [main] org.apache.catalina.startup.VersionLoggerListener.log CATALINA_HOME:         D:\New folder-ki2-3\Ltr Web\apache-tomcat-8.5.78
26-May-2022 21:39:27.657 INFO [main] org.apache.catalina.startup.VersionLoggerListener.log Command line argument: --add-opens=java.base/java.lang=ALL-UNNAMED
26-May-2022 21:39:27.657 INFO [main] org.apache.catalina.startup.VersionLoggerListener.log Command line argument: --add-opens=java.base/java.io=ALL-UNNAMED
26-May-2022 21:39:27.657 INFO [main] org.apache.catalina.startup.VersionLoggerListener.log Command line argument: --add-opens=java.base/java.util=ALL-UNNAMED
26-May-2022 21:39:27.657 INFO [main] org.apache.catalina.startup.VersionLoggerListener.log Command line argument: --add-opens=java.base/java.util.concurrent=ALL-UNNAMED
26-May-2022 21:39:27.657 INFO [main] org.apache.catalina.startup.VersionLoggerListener.log Command line argument: --add-opens=java.rmi/sun.rmi.transport=ALL-UNNAMED
26-May-2022 21:39:27.657 INFO [main] org.apache.catalina.startup.VersionLoggerListener.log Command line argument: -Djava.util.logging.config.file=D:\New folder-ki2-3\Ltr Web\apache-tomcat-8.5.78\conf\logging.properties
26-May-2022 21:39:27.657 INFO [main] org.apache.catalina.startup.VersionLoggerListener.log Command line argument: -Djava.util.logging.manager=org.apache.juli.ClassLoaderLogManager
26-May-2022 21:39:27.657 INFO [main] org.apache.catalina.startup.VersionLoggerListener.log Command line argument: -Dhttp.nonProxyHosts=localhost|127.0.0.1|LAPTOP-DFUDKLMQ
26-May-2022 21:39:27.657 INFO [main] org.apache.catalina.startup.VersionLoggerListener.log Command line argument: -Djdk.tls.ephemeralDHKeySize=2048
26-May-2022 21:39:27.657 INFO [main] org.apache.catalina.startup.VersionLoggerListener.log Command line argument: -Djava.protocol.handler.pkgs=org.apache.catalina.webresources
26-May-2022 21:39:27.658 INFO [main] org.apache.catalina.startup.VersionLoggerListener.log Command line argument: -Dignore.endorsed.dirs=
26-May-2022 21:39:27.658 INFO [main] org.apache.catalina.startup.VersionLoggerListener.log Command line argument: -Dcatalina.base=D:\New folder-ki2-3\Ltr Web\apache-tomcat-8.5.78
26-May-2022 21:39:27.658 INFO [main] org.apache.catalina.startup.VersionLoggerListener.log Command line argument: -Dcatalina.home=D:\New folder-ki2-3\Ltr Web\apache-tomcat-8.5.78
26-May-2022 21:39:27.658 INFO [main] org.apache.catalina.startup.VersionLoggerListener.log Command line argument: -Djava.io.tmpdir=D:\New folder-ki2-3\Ltr Web\apache-tomcat-8.5.78\temp
26-May-2022 21:39:27.658 INFO [main] org.apache.catalina.core.AprLifecycleListener.lifecycleEvent Loaded Apache Tomcat Native library [1.2.32] using APR version [1.7.0].
26-May-2022 21:39:27.658 INFO [main] org.apache.catalina.core.AprLifecycleListener.lifecycleEvent APR capabilities: IPv6 [true], sendfile [true], accept filters [false], random [true], UDS [{4}].
26-May-2022 21:39:27.699 INFO [main] org.apache.catalina.core.AprLifecycleListener.lifecycleEvent APR/OpenSSL configuration: useAprConnector [false], useOpenSSL [true]
26-May-2022 21:39:27.703 INFO [main] org.apache.catalina.core.AprLifecycleListener.initializeSSL OpenSSL successfully initialized [OpenSSL 1.1.1n  15 Mar 2022]
26-May-2022 21:39:27.731 INFO [main] org.apache.coyote.AbstractProtocol.init Initializing ProtocolHandler ["http-nio-8080"]
26-May-2022 21:39:27.746 INFO [main] org.apache.catalina.startup.Catalina.load Initialization processed in 366 ms
26-May-2022 21:39:27.772 INFO [main] org.apache.catalina.core.StandardService.startInternal Starting service [Catalina]
26-May-2022 21:39:27.772 INFO [main] org.apache.catalina.core.StandardEngine.startInternal Starting Servlet engine: [Apache Tomcat/8.5.78]
26-May-2022 21:39:27.778 INFO [localhost-startStop-1] org.apache.catalina.startup.HostConfig.deployDescriptor Deploying deployment descriptor [D:\New folder-ki2-3\Ltr Web\apache-tomcat-8.5.78\conf\Catalina\localhost\ROOT.xml]
26-May-2022 21:39:28.350 INFO [localhost-startStop-1] org.apache.jasper.servlet.TldScanner.scanJars At least one JAR was scanned for TLDs yet contained no TLDs. Enable debug logging for this logger for a complete list of JARs that were scanned but no TLDs were found in them. Skipping unneeded JARs during scanning can improve startup time and JSP compilation time.
26-May-2022 21:39:28.424 INFO [localhost-startStop-1] org.apache.catalina.startup.HostConfig.deployDescriptor Deployment of deployment descriptor [D:\New folder-ki2-3\Ltr Web\apache-tomcat-8.5.78\conf\Catalina\localhost\ROOT.xml] has finished in [645] ms
26-May-2022 21:39:28.424 INFO [localhost-startStop-1] org.apache.catalina.startup.HostConfig.deployDescriptor Deploying deployment descriptor [D:\New folder-ki2-3\Ltr Web\apache-tomcat-8.5.78\conf\Catalina\localhost\shopLaptop.xml]
26-May-2022 21:39:28.556 INFO [localhost-startStop-1] org.apache.jasper.servlet.TldScanner.scanJars At least one JAR was scanned for TLDs yet contained no TLDs. Enable debug logging for this logger for a complete list of JARs that were scanned but no TLDs were found in them. Skipping unneeded JARs during scanning can improve startup time and JSP compilation time.
26-May-2022 21:39:28.565 INFO [localhost-startStop-1] org.apache.catalina.startup.HostConfig.deployDescriptor Deployment of deployment descriptor [D:\New folder-ki2-3\Ltr Web\apache-tomcat-8.5.78\conf\Catalina\localhost\shopLaptop.xml] has finished in [141] ms
26-May-2022 21:39:28.566 INFO [localhost-startStop-1] org.apache.catalina.startup.HostConfig.deployDirectory Deploying web application directory [D:\New folder-ki2-3\Ltr Web\apache-tomcat-8.5.78\webapps\docs]
26-May-2022 21:39:28.582 INFO [localhost-startStop-1] org.apache.catalina.startup.HostConfig.deployDirectory Deployment of web application directory [D:\New folder-ki2-3\Ltr Web\apache-tomcat-8.5.78\webapps\docs] has finished in [16] ms
26-May-2022 21:39:28.582 INFO [localhost-startStop-1] org.apache.catalina.startup.HostConfig.deployDirectory Deploying web application directory [D:\New folder-ki2-3\Ltr Web\apache-tomcat-8.5.78\webapps\examples]
26-May-2022 21:39:28.746 INFO [localhost-startStop-1] org.apache.catalina.startup.HostConfig.deployDirectory Deployment of web application directory [D:\New folder-ki2-3\Ltr Web\apache-tomcat-8.5.78\webapps\examples] has finished in [164] ms
26-May-2022 21:39:28.746 INFO [localhost-startStop-1] org.apache.catalina.startup.HostConfig.deployDirectory Deploying web application directory [D:\New folder-ki2-3\Ltr Web\apache-tomcat-8.5.78\webapps\host-manager]
26-May-2022 21:39:28.772 INFO [localhost-startStop-1] org.apache.catalina.startup.HostConfig.deployDirectory Deployment of web application directory [D:\New folder-ki2-3\Ltr Web\apache-tomcat-8.5.78\webapps\host-manager] has finished in [26] ms
26-May-2022 21:39:28.772 INFO [localhost-startStop-1] org.apache.catalina.startup.HostConfig.deployDirectory Deploying web application directory [D:\New folder-ki2-3\Ltr Web\apache-tomcat-8.5.78\webapps\manager]
26-May-2022 21:39:28.794 INFO [localhost-startStop-1] org.apache.catalina.startup.HostConfig.deployDirectory Deployment of web application directory [D:\New folder-ki2-3\Ltr Web\apache-tomcat-8.5.78\webapps\manager] has finished in [22] ms
26-May-2022 21:39:28.796 INFO [main] org.apache.coyote.AbstractProtocol.start Starting ProtocolHandler ["http-nio-8080"]
26-May-2022 21:39:28.831 INFO [main] org.apache.catalina.startup.Catalina.start Server startup in 1084 ms
26-May-2022 21:47:24.450 INFO [main] org.apache.catalina.core.StandardServer.await A valid shutdown command was received via the shutdown port. Stopping the Server instance.
26-May-2022 21:47:24.451 INFO [main] org.apache.coyote.AbstractProtocol.pause Pausing ProtocolHandler ["http-nio-8080"]
26-May-2022 21:47:24.462 INFO [main] org.apache.catalina.core.StandardService.stopInternal Stopping service [Catalina]
26-May-2022 21:47:24.470 WARNING [localhost-startStop-2] org.apache.catalina.loader.WebappClassLoaderBase.clearReferencesJdbc The web application [ROOT] registered the JDBC driver [com.mysql.cj.jdbc.Driver] but failed to unregister it when the web application was stopped. To prevent a memory leak, the JDBC Driver has been forcibly unregistered.
26-May-2022 21:47:24.471 WARNING [localhost-startStop-2] org.apache.catalina.loader.WebappClassLoaderBase.clearReferencesThreads The web application [ROOT] appears to have started a thread named [mysql-cj-abandoned-connection-cleanup] but has failed to stop it. This is very likely to create a memory leak. Stack trace of thread:
 java.base@18/java.lang.Object.wait(Native Method)
 java.base@18/java.lang.ref.ReferenceQueue.remove(ReferenceQueue.java:155)
 com.mysql.cj.jdbc.AbandonedConnectionCleanupThread.run(AbandonedConnectionCleanupThread.java:91)
 java.base@18/java.util.concurrent.ThreadPoolExecutor.runWorker(ThreadPoolExecutor.java:1136)
 java.base@18/java.util.concurrent.ThreadPoolExecutor$Worker.run(ThreadPoolExecutor.java:635)
 java.base@18/java.lang.Thread.run(Thread.java:833)
26-May-2022 21:47:24.485 INFO [main] org.apache.coyote.AbstractProtocol.stop Stopping ProtocolHandler ["http-nio-8080"]
26-May-2022 21:47:24.498 INFO [main] org.apache.coyote.AbstractProtocol.destroy Destroying ProtocolHandler ["http-nio-8080"]
26-May-2022 23:24:31.427 INFO [main] org.apache.catalina.startup.VersionLoggerListener.log Server version name:   Apache Tomcat/8.5.78
26-May-2022 23:24:31.429 INFO [main] org.apache.catalina.startup.VersionLoggerListener.log Server built:          Mar 31 2022 16:05:28 UTC
26-May-2022 23:24:31.429 INFO [main] org.apache.catalina.startup.VersionLoggerListener.log Server version number: 8.5.78.0
26-May-2022 23:24:31.429 INFO [main] org.apache.catalina.startup.VersionLoggerListener.log OS Name:               Windows 10
26-May-2022 23:24:31.429 INFO [main] org.apache.catalina.startup.VersionLoggerListener.log OS Version:            10.0
26-May-2022 23:24:31.429 INFO [main] org.apache.catalina.startup.VersionLoggerListener.log Architecture:          amd64
26-May-2022 23:24:31.429 INFO [main] org.apache.catalina.startup.VersionLoggerListener.log Java Home:             C:\Program Files\Java\jdk-18
26-May-2022 23:24:31.429 INFO [main] org.apache.catalina.startup.VersionLoggerListener.log JVM Version:           18+36-2087
26-May-2022 23:24:31.429 INFO [main] org.apache.catalina.startup.VersionLoggerListener.log JVM Vendor:            Oracle Corporation
26-May-2022 23:24:31.429 INFO [main] org.apache.catalina.startup.VersionLoggerListener.log CATALINA_BASE:         D:\New folder-ki2-3\Ltr Web\apache-tomcat-8.5.78
26-May-2022 23:24:31.429 INFO [main] org.apache.catalina.startup.VersionLoggerListener.log CATALINA_HOME:         D:\New folder-ki2-3\Ltr Web\apache-tomcat-8.5.78
26-May-2022 23:24:31.430 INFO [main] org.apache.catalina.startup.VersionLoggerListener.log Command line argument: --add-opens=java.base/java.lang=ALL-UNNAMED
26-May-2022 23:24:31.430 INFO [main] org.apache.catalina.startup.VersionLoggerListener.log Command line argument: --add-opens=java.base/java.io=ALL-UNNAMED
26-May-2022 23:24:31.431 INFO [main] org.apache.catalina.startup.VersionLoggerListener.log Command line argument: --add-opens=java.base/java.util=ALL-UNNAMED
26-May-2022 23:24:31.431 INFO [main] org.apache.catalina.startup.VersionLoggerListener.log Command line argument: --add-opens=java.base/java.util.concurrent=ALL-UNNAMED
26-May-2022 23:24:31.431 INFO [main] org.apache.catalina.startup.VersionLoggerListener.log Command line argument: --add-opens=java.rmi/sun.rmi.transport=ALL-UNNAMED
26-May-2022 23:24:31.431 INFO [main] org.apache.catalina.startup.VersionLoggerListener.log Command line argument: -Djava.util.logging.config.file=D:\New folder-ki2-3\Ltr Web\apache-tomcat-8.5.78\conf\logging.properties
26-May-2022 23:24:31.431 INFO [main] org.apache.catalina.startup.VersionLoggerListener.log Command line argument: -Djava.util.logging.manager=org.apache.juli.ClassLoaderLogManager
26-May-2022 23:24:31.431 INFO [main] org.apache.catalina.startup.VersionLoggerListener.log Command line argument: -Dhttp.nonProxyHosts=localhost|127.0.0.1|LAPTOP-DFUDKLMQ
26-May-2022 23:24:31.431 INFO [main] org.apache.catalina.startup.VersionLoggerListener.log Command line argument: -Djdk.tls.ephemeralDHKeySize=2048
26-May-2022 23:24:31.431 INFO [main] org.apache.catalina.startup.VersionLoggerListener.log Command line argument: -Djava.protocol.handler.pkgs=org.apache.catalina.webresources
26-May-2022 23:24:31.431 INFO [main] org.apache.catalina.startup.VersionLoggerListener.log Command line argument: -Dignore.endorsed.dirs=
26-May-2022 23:24:31.431 INFO [main] org.apache.catalina.startup.VersionLoggerListener.log Command line argument: -Dcatalina.base=D:\New folder-ki2-3\Ltr Web\apache-tomcat-8.5.78
26-May-2022 23:24:31.431 INFO [main] org.apache.catalina.startup.VersionLoggerListener.log Command line argument: -Dcatalina.home=D:\New folder-ki2-3\Ltr Web\apache-tomcat-8.5.78
26-May-2022 23:24:31.431 INFO [main] org.apache.catalina.startup.VersionLoggerListener.log Command line argument: -Djava.io.tmpdir=D:\New folder-ki2-3\Ltr Web\apache-tomcat-8.5.78\temp
26-May-2022 23:24:31.431 INFO [main] org.apache.catalina.core.AprLifecycleListener.lifecycleEvent Loaded Apache Tomcat Native library [1.2.32] using APR version [1.7.0].
26-May-2022 23:24:31.431 INFO [main] org.apache.catalina.core.AprLifecycleListener.lifecycleEvent APR capabilities: IPv6 [true], sendfile [true], accept filters [false], random [true], UDS [{4}].
26-May-2022 23:24:31.458 INFO [main] org.apache.catalina.core.AprLifecycleListener.lifecycleEvent APR/OpenSSL configuration: useAprConnector [false], useOpenSSL [true]
26-May-2022 23:24:31.468 INFO [main] org.apache.catalina.core.AprLifecycleListener.initializeSSL OpenSSL successfully initialized [OpenSSL 1.1.1n  15 Mar 2022]
26-May-2022 23:24:31.500 INFO [main] org.apache.coyote.AbstractProtocol.init Initializing ProtocolHandler ["http-nio-8080"]
26-May-2022 23:24:31.521 INFO [main] org.apache.catalina.startup.Catalina.load Initialization processed in 422 ms
26-May-2022 23:24:31.574 INFO [main] org.apache.catalina.core.StandardService.startInternal Starting service [Catalina]
26-May-2022 23:24:31.575 INFO [main] org.apache.catalina.core.StandardEngine.startInternal Starting Servlet engine: [Apache Tomcat/8.5.78]
26-May-2022 23:24:31.590 INFO [localhost-startStop-1] org.apache.catalina.startup.HostConfig.deployDescriptor Deploying deployment descriptor [D:\New folder-ki2-3\Ltr Web\apache-tomcat-8.5.78\conf\Catalina\localhost\ROOT.xml]
26-May-2022 23:24:32.302 INFO [localhost-startStop-1] org.apache.jasper.servlet.TldScanner.scanJars At least one JAR was scanned for TLDs yet contained no TLDs. Enable debug logging for this logger for a complete list of JARs that were scanned but no TLDs were found in them. Skipping unneeded JARs during scanning can improve startup time and JSP compilation time.
26-May-2022 23:24:32.371 INFO [localhost-startStop-1] org.apache.catalina.startup.HostConfig.deployDescriptor Deployment of deployment descriptor [D:\New folder-ki2-3\Ltr Web\apache-tomcat-8.5.78\conf\Catalina\localhost\ROOT.xml] has finished in [781] ms
26-May-2022 23:24:32.371 INFO [localhost-startStop-1] org.apache.catalina.startup.HostConfig.deployDescriptor Deploying deployment descriptor [D:\New folder-ki2-3\Ltr Web\apache-tomcat-8.5.78\conf\Catalina\localhost\shopLaptop.xml]
26-May-2022 23:24:32.621 INFO [localhost-startStop-1] org.apache.jasper.servlet.TldScanner.scanJars At least one JAR was scanned for TLDs yet contained no TLDs. Enable debug logging for this logger for a complete list of JARs that were scanned but no TLDs were found in them. Skipping unneeded JARs during scanning can improve startup time and JSP compilation time.
26-May-2022 23:24:32.642 INFO [localhost-startStop-1] org.apache.catalina.startup.HostConfig.deployDescriptor Deployment of deployment descriptor [D:\New folder-ki2-3\Ltr Web\apache-tomcat-8.5.78\conf\Catalina\localhost\shopLaptop.xml] has finished in [270] ms
26-May-2022 23:24:32.643 INFO [localhost-startStop-1] org.apache.catalina.startup.HostConfig.deployDirectory Deploying web application directory [D:\New folder-ki2-3\Ltr Web\apache-tomcat-8.5.78\webapps\docs]
26-May-2022 23:24:32.663 INFO [localhost-startStop-1] org.apache.catalina.startup.HostConfig.deployDirectory Deployment of web application directory [D:\New folder-ki2-3\Ltr Web\apache-tomcat-8.5.78\webapps\docs] has finished in [19] ms
26-May-2022 23:24:32.663 INFO [localhost-startStop-1] org.apache.catalina.startup.HostConfig.deployDirectory Deploying web application directory [D:\New folder-ki2-3\Ltr Web\apache-tomcat-8.5.78\webapps\examples]
26-May-2022 23:24:33.008 INFO [localhost-startStop-1] org.apache.catalina.startup.HostConfig.deployDirectory Deployment of web application directory [D:\New folder-ki2-3\Ltr Web\apache-tomcat-8.5.78\webapps\examples] has finished in [345] ms
26-May-2022 23:24:33.008 INFO [localhost-startStop-1] org.apache.catalina.startup.HostConfig.deployDirectory Deploying web application directory [D:\New folder-ki2-3\Ltr Web\apache-tomcat-8.5.78\webapps\host-manager]
26-May-2022 23:24:33.037 INFO [localhost-startStop-1] org.apache.catalina.startup.HostConfig.deployDirectory Deployment of web application directory [D:\New folder-ki2-3\Ltr Web\apache-tomcat-8.5.78\webapps\host-manager] has finished in [29] ms
26-May-2022 23:24:33.037 INFO [localhost-startStop-1] org.apache.catalina.startup.HostConfig.deployDirectory Deploying web application directory [D:\New folder-ki2-3\Ltr Web\apache-tomcat-8.5.78\webapps\manager]
26-May-2022 23:24:33.062 INFO [localhost-startStop-1] org.apache.catalina.startup.HostConfig.deployDirectory Deployment of web application directory [D:\New folder-ki2-3\Ltr Web\apache-tomcat-8.5.78\webapps\manager] has finished in [25] ms
26-May-2022 23:24:33.064 INFO [main] org.apache.coyote.AbstractProtocol.start Starting ProtocolHandler ["http-nio-8080"]
26-May-2022 23:24:33.106 INFO [main] org.apache.catalina.startup.Catalina.start Server startup in 1584 ms
26-May-2022 23:43:40.840 INFO [http-nio-8080-exec-1] org.apache.catalina.core.StandardContext.reload Reloading Context with name [/shopLaptop] has started
26-May-2022 23:43:41.022 INFO [http-nio-8080-exec-1] org.apache.jasper.servlet.TldScanner.scanJars At least one JAR was scanned for TLDs yet contained no TLDs. Enable debug logging for this logger for a complete list of JARs that were scanned but no TLDs were found in them. Skipping unneeded JARs during scanning can improve startup time and JSP compilation time.
26-May-2022 23:43:41.029 INFO [http-nio-8080-exec-1] org.apache.catalina.core.StandardContext.reload Reloading Context with name [/shopLaptop] is completed
26-May-2022 23:58:54.782 INFO [http-nio-8080-exec-11] org.apache.catalina.core.StandardContext.reload Reloading Context with name [/shopLaptop] has started
26-May-2022 23:58:54.904 INFO [http-nio-8080-exec-11] org.apache.jasper.servlet.TldScanner.scanJars At least one JAR was scanned for TLDs yet contained no TLDs. Enable debug logging for this logger for a complete list of JARs that were scanned but no TLDs were found in them. Skipping unneeded JARs during scanning can improve startup time and JSP compilation time.
26-May-2022 23:58:54.915 INFO [http-nio-8080-exec-11] org.apache.catalina.core.StandardContext.reload Reloading Context with name [/shopLaptop] is completed
26-May-2022 23:59:02.228 INFO [http-nio-8080-exec-17] org.apache.catalina.core.StandardContext.reload Reloading Context with name [/shopLaptop] has started
26-May-2022 23:59:02.335 INFO [http-nio-8080-exec-17] org.apache.jasper.servlet.TldScanner.scanJars At least one JAR was scanned for TLDs yet contained no TLDs. Enable debug logging for this logger for a complete list of JARs that were scanned but no TLDs were found in them. Skipping unneeded JARs during scanning can improve startup time and JSP compilation time.
26-May-2022 23:59:02.342 INFO [http-nio-8080-exec-17] org.apache.catalina.core.StandardContext.reload Reloading Context with name [/shopLaptop] is completed
26-May-2022 23:59:09.582 INFO [http-nio-8080-exec-18] org.apache.catalina.core.StandardContext.reload Reloading Context with name [/shopLaptop] has started
26-May-2022 23:59:09.684 INFO [http-nio-8080-exec-18] org.apache.jasper.servlet.TldScanner.scanJars At least one JAR was scanned for TLDs yet contained no TLDs. Enable debug logging for this logger for a complete list of JARs that were scanned but no TLDs were found in them. Skipping unneeded JARs during scanning can improve startup time and JSP compilation time.
26-May-2022 23:59:09.691 INFO [http-nio-8080-exec-18] org.apache.catalina.core.StandardContext.reload Reloading Context with name [/shopLaptop] is completed
