18-May-2022 09:19:54.757 INFO [main] org.apache.catalina.startup.VersionLoggerListener.log Server version name:   Apache Tomcat/8.5.78
18-May-2022 09:19:54.759 INFO [main] org.apache.catalina.startup.VersionLoggerListener.log Server built:          Mar 31 2022 16:05:28 UTC
18-May-2022 09:19:54.759 INFO [main] org.apache.catalina.startup.VersionLoggerListener.log Server version number: 8.5.78.0
18-May-2022 09:19:54.759 INFO [main] org.apache.catalina.startup.VersionLoggerListener.log OS Name:               Windows 10
18-May-2022 09:19:54.759 INFO [main] org.apache.catalina.startup.VersionLoggerListener.log OS Version:            10.0
18-May-2022 09:19:54.759 INFO [main] org.apache.catalina.startup.VersionLoggerListener.log Architecture:          amd64
18-May-2022 09:19:54.759 INFO [main] org.apache.catalina.startup.VersionLoggerListener.log Java Home:             C:\Program Files\Java\jdk-18
18-May-2022 09:19:54.760 INFO [main] org.apache.catalina.startup.VersionLoggerListener.log JVM Version:           18+36-2087
18-May-2022 09:19:54.760 INFO [main] org.apache.catalina.startup.VersionLoggerListener.log JVM Vendor:            Oracle Corporation
18-May-2022 09:19:54.760 INFO [main] org.apache.catalina.startup.VersionLoggerListener.log CATALINA_BASE:         D:\New folder-ki2-3\Ltr Web\apache-tomcat-8.5.78
18-May-2022 09:19:54.760 INFO [main] org.apache.catalina.startup.VersionLoggerListener.log CATALINA_HOME:         D:\New folder-ki2-3\Ltr Web\apache-tomcat-8.5.78
18-May-2022 09:19:54.760 INFO [main] org.apache.catalina.startup.VersionLoggerListener.log Command line argument: --add-opens=java.base/java.lang=ALL-UNNAMED
18-May-2022 09:19:54.761 INFO [main] org.apache.catalina.startup.VersionLoggerListener.log Command line argument: --add-opens=java.base/java.io=ALL-UNNAMED
18-May-2022 09:19:54.761 INFO [main] org.apache.catalina.startup.VersionLoggerListener.log Command line argument: --add-opens=java.base/java.util=ALL-UNNAMED
18-May-2022 09:19:54.761 INFO [main] org.apache.catalina.startup.VersionLoggerListener.log Command line argument: --add-opens=java.base/java.util.concurrent=ALL-UNNAMED
18-May-2022 09:19:54.761 INFO [main] org.apache.catalina.startup.VersionLoggerListener.log Command line argument: --add-opens=java.rmi/sun.rmi.transport=ALL-UNNAMED
18-May-2022 09:19:54.761 INFO [main] org.apache.catalina.startup.VersionLoggerListener.log Command line argument: -Djava.util.logging.config.file=D:\New folder-ki2-3\Ltr Web\apache-tomcat-8.5.78\conf\logging.properties
18-May-2022 09:19:54.761 INFO [main] org.apache.catalina.startup.VersionLoggerListener.log Command line argument: -Djava.util.logging.manager=org.apache.juli.ClassLoaderLogManager
18-May-2022 09:19:54.761 INFO [main] org.apache.catalina.startup.VersionLoggerListener.log Command line argument: -Dhttp.nonProxyHosts=localhost|127.0.0.1|LAPTOP-DFUDKLMQ
18-May-2022 09:19:54.761 INFO [main] org.apache.catalina.startup.VersionLoggerListener.log Command line argument: -Djdk.tls.ephemeralDHKeySize=2048
18-May-2022 09:19:54.761 INFO [main] org.apache.catalina.startup.VersionLoggerListener.log Command line argument: -Djava.protocol.handler.pkgs=org.apache.catalina.webresources
18-May-2022 09:19:54.761 INFO [main] org.apache.catalina.startup.VersionLoggerListener.log Command line argument: -agentlib:jdwp=transport=dt_shmem,address=tomcat_shared_memory_id,server=y,suspend=n
18-May-2022 09:19:54.761 INFO [main] org.apache.catalina.startup.VersionLoggerListener.log Command line argument: -Dignore.endorsed.dirs=
18-May-2022 09:19:54.761 INFO [main] org.apache.catalina.startup.VersionLoggerListener.log Command line argument: -Dcatalina.base=D:\New folder-ki2-3\Ltr Web\apache-tomcat-8.5.78
18-May-2022 09:19:54.761 INFO [main] org.apache.catalina.startup.VersionLoggerListener.log Command line argument: -Dcatalina.home=D:\New folder-ki2-3\Ltr Web\apache-tomcat-8.5.78
18-May-2022 09:19:54.761 INFO [main] org.apache.catalina.startup.VersionLoggerListener.log Command line argument: -Djava.io.tmpdir=D:\New folder-ki2-3\Ltr Web\apache-tomcat-8.5.78\temp
18-May-2022 09:19:54.761 INFO [main] org.apache.catalina.core.AprLifecycleListener.lifecycleEvent Loaded Apache Tomcat Native library [1.2.32] using APR version [1.7.0].
18-May-2022 09:19:54.769 INFO [main] org.apache.catalina.core.AprLifecycleListener.lifecycleEvent APR capabilities: IPv6 [true], sendfile [true], accept filters [false], random [true], UDS [{4}].
18-May-2022 09:19:54.769 INFO [main] org.apache.catalina.core.AprLifecycleListener.lifecycleEvent APR/OpenSSL configuration: useAprConnector [false], useOpenSSL [true]
18-May-2022 09:19:54.774 INFO [main] org.apache.catalina.core.AprLifecycleListener.initializeSSL OpenSSL successfully initialized [OpenSSL 1.1.1n  15 Mar 2022]
18-May-2022 09:19:54.805 INFO [main] org.apache.coyote.AbstractProtocol.init Initializing ProtocolHandler ["http-nio-8080"]
18-May-2022 09:19:54.822 INFO [main] org.apache.catalina.startup.Catalina.load Initialization processed in 472 ms
18-May-2022 09:19:54.855 INFO [main] org.apache.catalina.core.StandardService.startInternal Starting service [Catalina]
18-May-2022 09:19:54.855 INFO [main] org.apache.catalina.core.StandardEngine.startInternal Starting Servlet engine: [Apache Tomcat/8.5.78]
18-May-2022 09:19:54.861 INFO [localhost-startStop-1] org.apache.catalina.startup.HostConfig.deployDirectory Deploying web application directory [D:\New folder-ki2-3\Ltr Web\apache-tomcat-8.5.78\webapps\docs]
18-May-2022 09:19:55.092 INFO [localhost-startStop-1] org.apache.catalina.startup.HostConfig.deployDirectory Deployment of web application directory [D:\New folder-ki2-3\Ltr Web\apache-tomcat-8.5.78\webapps\docs] has finished in [231] ms
18-May-2022 09:19:55.092 INFO [localhost-startStop-1] org.apache.catalina.startup.HostConfig.deployDirectory Deploying web application directory [D:\New folder-ki2-3\Ltr Web\apache-tomcat-8.5.78\webapps\examples]
18-May-2022 09:19:55.343 INFO [localhost-startStop-1] org.apache.catalina.startup.HostConfig.deployDirectory Deployment of web application directory [D:\New folder-ki2-3\Ltr Web\apache-tomcat-8.5.78\webapps\examples] has finished in [250] ms
18-May-2022 09:19:55.343 INFO [localhost-startStop-1] org.apache.catalina.startup.HostConfig.deployDirectory Deploying web application directory [D:\New folder-ki2-3\Ltr Web\apache-tomcat-8.5.78\webapps\host-manager]
18-May-2022 09:19:55.368 INFO [localhost-startStop-1] org.apache.catalina.startup.HostConfig.deployDirectory Deployment of web application directory [D:\New folder-ki2-3\Ltr Web\apache-tomcat-8.5.78\webapps\host-manager] has finished in [25] ms
18-May-2022 09:19:55.368 INFO [localhost-startStop-1] org.apache.catalina.startup.HostConfig.deployDirectory Deploying web application directory [D:\New folder-ki2-3\Ltr Web\apache-tomcat-8.5.78\webapps\manager]
18-May-2022 09:19:55.394 INFO [localhost-startStop-1] org.apache.catalina.startup.HostConfig.deployDirectory Deployment of web application directory [D:\New folder-ki2-3\Ltr Web\apache-tomcat-8.5.78\webapps\manager] has finished in [25] ms
18-May-2022 09:19:55.394 INFO [localhost-startStop-1] org.apache.catalina.startup.HostConfig.deployDirectory Deploying web application directory [D:\New folder-ki2-3\Ltr Web\apache-tomcat-8.5.78\webapps\ROOT]
18-May-2022 09:19:55.412 INFO [localhost-startStop-1] org.apache.catalina.startup.HostConfig.deployDirectory Deployment of web application directory [D:\New folder-ki2-3\Ltr Web\apache-tomcat-8.5.78\webapps\ROOT] has finished in [18] ms
18-May-2022 09:19:55.415 INFO [main] org.apache.coyote.AbstractProtocol.start Starting ProtocolHandler ["http-nio-8080"]
18-May-2022 09:19:55.463 INFO [main] org.apache.catalina.startup.Catalina.start Server startup in 639 ms
18-May-2022 09:20:01.631 INFO [http-nio-8080-exec-4] org.apache.catalina.startup.HostConfig.deployDescriptor Deploying deployment descriptor [D:\New folder-ki2-3\Ltr Web\apache-tomcat-8.5.78\conf\Catalina\localhost\shopLaptop.xml]
18-May-2022 09:20:01.945 INFO [http-nio-8080-exec-4] org.apache.jasper.servlet.TldScanner.scanJars At least one JAR was scanned for TLDs yet contained no TLDs. Enable debug logging for this logger for a complete list of JARs that were scanned but no TLDs were found in them. Skipping unneeded JARs during scanning can improve startup time and JSP compilation time.
18-May-2022 09:20:01.960 INFO [http-nio-8080-exec-4] org.apache.catalina.startup.HostConfig.deployDescriptor Deployment of deployment descriptor [D:\New folder-ki2-3\Ltr Web\apache-tomcat-8.5.78\conf\Catalina\localhost\shopLaptop.xml] has finished in [328] ms
18-May-2022 09:20:01.964 INFO [http-nio-8080-exec-5] org.apache.catalina.util.LifecycleBase.start The start() method was called on component [StandardEngine[Catalina].StandardHost[localhost].StandardContext[/shopLaptop]] after start() had already been called. The second call will be ignored.
18-May-2022 09:20:13.131 INFO [http-nio-8080-exec-7] org.apache.catalina.startup.HostConfig.undeploy Undeploying context [/shopLaptop]
18-May-2022 09:20:31.161 INFO [http-nio-8080-exec-11] org.apache.catalina.startup.HostConfig.deployDescriptor Deploying deployment descriptor [D:\New folder-ki2-3\Ltr Web\apache-tomcat-8.5.78\conf\Catalina\localhost\shopLaptop.xml]
18-May-2022 09:20:31.295 INFO [http-nio-8080-exec-11] org.apache.jasper.servlet.TldScanner.scanJars At least one JAR was scanned for TLDs yet contained no TLDs. Enable debug logging for this logger for a complete list of JARs that were scanned but no TLDs were found in them. Skipping unneeded JARs during scanning can improve startup time and JSP compilation time.
18-May-2022 09:20:31.306 INFO [http-nio-8080-exec-11] org.apache.catalina.startup.HostConfig.deployDescriptor Deployment of deployment descriptor [D:\New folder-ki2-3\Ltr Web\apache-tomcat-8.5.78\conf\Catalina\localhost\shopLaptop.xml] has finished in [145] ms
18-May-2022 09:20:31.310 INFO [http-nio-8080-exec-12] org.apache.catalina.util.LifecycleBase.start The start() method was called on component [StandardEngine[Catalina].StandardHost[localhost].StandardContext[/shopLaptop]] after start() had already been called. The second call will be ignored.
18-May-2022 09:20:40.628 INFO [http-nio-8080-exec-8] org.apache.catalina.startup.HostConfig.undeploy Undeploying context [/shopLaptop]
18-May-2022 09:20:47.130 INFO [http-nio-8080-exec-13] org.apache.catalina.startup.HostConfig.deployDescriptor Deploying deployment descriptor [D:\New folder-ki2-3\Ltr Web\apache-tomcat-8.5.78\conf\Catalina\localhost\shopLaptop.xml]
18-May-2022 09:20:47.253 INFO [http-nio-8080-exec-13] org.apache.jasper.servlet.TldScanner.scanJars At least one JAR was scanned for TLDs yet contained no TLDs. Enable debug logging for this logger for a complete list of JARs that were scanned but no TLDs were found in them. Skipping unneeded JARs during scanning can improve startup time and JSP compilation time.
18-May-2022 09:20:47.266 INFO [http-nio-8080-exec-13] org.apache.catalina.startup.HostConfig.deployDescriptor Deployment of deployment descriptor [D:\New folder-ki2-3\Ltr Web\apache-tomcat-8.5.78\conf\Catalina\localhost\shopLaptop.xml] has finished in [135] ms
18-May-2022 09:20:47.269 INFO [http-nio-8080-exec-5] org.apache.catalina.util.LifecycleBase.start The start() method was called on component [StandardEngine[Catalina].StandardHost[localhost].StandardContext[/shopLaptop]] after start() had already been called. The second call will be ignored.
18-May-2022 09:21:17.010 INFO [main] org.apache.catalina.core.StandardServer.await A valid shutdown command was received via the shutdown port. Stopping the Server instance.
18-May-2022 09:21:17.011 INFO [main] org.apache.coyote.AbstractProtocol.pause Pausing ProtocolHandler ["http-nio-8080"]
18-May-2022 09:21:17.028 INFO [main] org.apache.catalina.core.StandardService.stopInternal Stopping service [Catalina]
18-May-2022 09:21:17.037 WARNING [localhost-startStop-2] org.apache.catalina.loader.WebappClassLoaderBase.clearReferencesJdbc The web application [shopLaptop] registered the JDBC driver [com.microsoft.sqlserver.jdbc.SQLServerDriver] but failed to unregister it when the web application was stopped. To prevent a memory leak, the JDBC Driver has been forcibly unregistered.
18-May-2022 09:21:17.038 SEVERE [localhost-startStop-2] org.apache.catalina.loader.WebappClassLoaderBase.checkThreadLocalMapForLeaks The web application [shopLaptop] created a ThreadLocal with key of type [com.microsoft.sqlserver.jdbc.ActivityCorrelator$1] (value [com.microsoft.sqlserver.jdbc.ActivityCorrelator$1@1e11ab47]) and a value of type [com.microsoft.sqlserver.jdbc.ActivityId] (value [3cadb6cc-99a1-4ccd-98be-d3359ffaed3d-0]) but failed to remove it when the web application was stopped. Threads are going to be renewed over time to try and avoid a probable memory leak.
18-May-2022 09:21:17.049 INFO [main] org.apache.coyote.AbstractProtocol.stop Stopping ProtocolHandler ["http-nio-8080"]
18-May-2022 09:21:17.052 INFO [main] org.apache.coyote.AbstractProtocol.destroy Destroying ProtocolHandler ["http-nio-8080"]
