19-May-2022 09:12:39.506 INFO [main] org.apache.catalina.startup.VersionLoggerListener.log Server version name:   Apache Tomcat/8.5.78
19-May-2022 09:12:39.512 INFO [main] org.apache.catalina.startup.VersionLoggerListener.log Server built:          Mar 31 2022 16:05:28 UTC
19-May-2022 09:12:39.512 INFO [main] org.apache.catalina.startup.VersionLoggerListener.log Server version number: 8.5.78.0
19-May-2022 09:12:39.512 INFO [main] org.apache.catalina.startup.VersionLoggerListener.log OS Name:               Windows 10
19-May-2022 09:12:39.512 INFO [main] org.apache.catalina.startup.VersionLoggerListener.log OS Version:            10.0
19-May-2022 09:12:39.513 INFO [main] org.apache.catalina.startup.VersionLoggerListener.log Architecture:          amd64
19-May-2022 09:12:39.513 INFO [main] org.apache.catalina.startup.VersionLoggerListener.log Java Home:             C:\Program Files\Java\jdk-18
19-May-2022 09:12:39.513 INFO [main] org.apache.catalina.startup.VersionLoggerListener.log JVM Version:           18+36-2087
19-May-2022 09:12:39.514 INFO [main] org.apache.catalina.startup.VersionLoggerListener.log JVM Vendor:            Oracle Corporation
19-May-2022 09:12:39.514 INFO [main] org.apache.catalina.startup.VersionLoggerListener.log CATALINA_BASE:         D:\New folder-ki2-3\Ltr Web\apache-tomcat-8.5.78
19-May-2022 09:12:39.514 INFO [main] org.apache.catalina.startup.VersionLoggerListener.log CATALINA_HOME:         D:\New folder-ki2-3\Ltr Web\apache-tomcat-8.5.78
19-May-2022 09:12:39.515 INFO [main] org.apache.catalina.startup.VersionLoggerListener.log Command line argument: --add-opens=java.base/java.lang=ALL-UNNAMED
19-May-2022 09:12:39.515 INFO [main] org.apache.catalina.startup.VersionLoggerListener.log Command line argument: --add-opens=java.base/java.io=ALL-UNNAMED
19-May-2022 09:12:39.516 INFO [main] org.apache.catalina.startup.VersionLoggerListener.log Command line argument: --add-opens=java.base/java.util=ALL-UNNAMED
19-May-2022 09:12:39.516 INFO [main] org.apache.catalina.startup.VersionLoggerListener.log Command line argument: --add-opens=java.base/java.util.concurrent=ALL-UNNAMED
19-May-2022 09:12:39.516 INFO [main] org.apache.catalina.startup.VersionLoggerListener.log Command line argument: --add-opens=java.rmi/sun.rmi.transport=ALL-UNNAMED
19-May-2022 09:12:39.516 INFO [main] org.apache.catalina.startup.VersionLoggerListener.log Command line argument: -Djava.util.logging.config.file=D:\New folder-ki2-3\Ltr Web\apache-tomcat-8.5.78\conf\logging.properties
19-May-2022 09:12:39.517 INFO [main] org.apache.catalina.startup.VersionLoggerListener.log Command line argument: -Djava.util.logging.manager=org.apache.juli.ClassLoaderLogManager
19-May-2022 09:12:39.517 INFO [main] org.apache.catalina.startup.VersionLoggerListener.log Command line argument: -Dhttp.nonProxyHosts=localhost|127.0.0.1|LAPTOP-DFUDKLMQ
19-May-2022 09:12:39.517 INFO [main] org.apache.catalina.startup.VersionLoggerListener.log Command line argument: -Djdk.tls.ephemeralDHKeySize=2048
19-May-2022 09:12:39.517 INFO [main] org.apache.catalina.startup.VersionLoggerListener.log Command line argument: -Djava.protocol.handler.pkgs=org.apache.catalina.webresources
19-May-2022 09:12:39.517 INFO [main] org.apache.catalina.startup.VersionLoggerListener.log Command line argument: -Dignore.endorsed.dirs=
19-May-2022 09:12:39.517 INFO [main] org.apache.catalina.startup.VersionLoggerListener.log Command line argument: -Dcatalina.base=D:\New folder-ki2-3\Ltr Web\apache-tomcat-8.5.78
19-May-2022 09:12:39.517 INFO [main] org.apache.catalina.startup.VersionLoggerListener.log Command line argument: -Dcatalina.home=D:\New folder-ki2-3\Ltr Web\apache-tomcat-8.5.78
19-May-2022 09:12:39.517 INFO [main] org.apache.catalina.startup.VersionLoggerListener.log Command line argument: -Djava.io.tmpdir=D:\New folder-ki2-3\Ltr Web\apache-tomcat-8.5.78\temp
19-May-2022 09:12:39.517 INFO [main] org.apache.catalina.core.AprLifecycleListener.lifecycleEvent Loaded Apache Tomcat Native library [1.2.32] using APR version [1.7.0].
19-May-2022 09:12:39.517 INFO [main] org.apache.catalina.core.AprLifecycleListener.lifecycleEvent APR capabilities: IPv6 [true], sendfile [true], accept filters [false], random [true], UDS [{4}].
19-May-2022 09:12:39.603 INFO [main] org.apache.catalina.core.AprLifecycleListener.lifecycleEvent APR/OpenSSL configuration: useAprConnector [false], useOpenSSL [true]
19-May-2022 09:12:39.621 INFO [main] org.apache.catalina.core.AprLifecycleListener.initializeSSL OpenSSL successfully initialized [OpenSSL 1.1.1n  15 Mar 2022]
19-May-2022 09:12:39.684 INFO [main] org.apache.coyote.AbstractProtocol.init Initializing ProtocolHandler ["http-nio-8080"]
19-May-2022 09:12:39.719 INFO [main] org.apache.catalina.startup.Catalina.load Initialization processed in 691 ms
19-May-2022 09:12:39.778 INFO [main] org.apache.catalina.core.StandardService.startInternal Starting service [Catalina]
19-May-2022 09:12:39.778 INFO [main] org.apache.catalina.core.StandardEngine.startInternal Starting Servlet engine: [Apache Tomcat/8.5.78]
19-May-2022 09:12:39.792 INFO [localhost-startStop-1] org.apache.catalina.startup.HostConfig.deployDescriptor Deploying deployment descriptor [D:\New folder-ki2-3\Ltr Web\apache-tomcat-8.5.78\conf\Catalina\localhost\shopLaptop.xml]
19-May-2022 09:12:40.455 INFO [localhost-startStop-1] org.apache.jasper.servlet.TldScanner.scanJars At least one JAR was scanned for TLDs yet contained no TLDs. Enable debug logging for this logger for a complete list of JARs that were scanned but no TLDs were found in them. Skipping unneeded JARs during scanning can improve startup time and JSP compilation time.
19-May-2022 09:12:40.564 INFO [localhost-startStop-1] org.apache.catalina.startup.HostConfig.deployDescriptor Deployment of deployment descriptor [D:\New folder-ki2-3\Ltr Web\apache-tomcat-8.5.78\conf\Catalina\localhost\shopLaptop.xml] has finished in [772] ms
19-May-2022 09:12:40.566 INFO [localhost-startStop-1] org.apache.catalina.startup.HostConfig.deployDirectory Deploying web application directory [D:\New folder-ki2-3\Ltr Web\apache-tomcat-8.5.78\webapps\docs]
19-May-2022 09:12:40.619 INFO [localhost-startStop-1] org.apache.catalina.startup.HostConfig.deployDirectory Deployment of web application directory [D:\New folder-ki2-3\Ltr Web\apache-tomcat-8.5.78\webapps\docs] has finished in [53] ms
19-May-2022 09:12:40.620 INFO [localhost-startStop-1] org.apache.catalina.startup.HostConfig.deployDirectory Deploying web application directory [D:\New folder-ki2-3\Ltr Web\apache-tomcat-8.5.78\webapps\examples]
19-May-2022 09:12:40.936 INFO [localhost-startStop-1] org.apache.catalina.startup.HostConfig.deployDirectory Deployment of web application directory [D:\New folder-ki2-3\Ltr Web\apache-tomcat-8.5.78\webapps\examples] has finished in [316] ms
19-May-2022 09:12:40.936 INFO [localhost-startStop-1] org.apache.catalina.startup.HostConfig.deployDirectory Deploying web application directory [D:\New folder-ki2-3\Ltr Web\apache-tomcat-8.5.78\webapps\host-manager]
19-May-2022 09:12:40.973 INFO [localhost-startStop-1] org.apache.catalina.startup.HostConfig.deployDirectory Deployment of web application directory [D:\New folder-ki2-3\Ltr Web\apache-tomcat-8.5.78\webapps\host-manager] has finished in [37] ms
19-May-2022 09:12:40.973 INFO [localhost-startStop-1] org.apache.catalina.startup.HostConfig.deployDirectory Deploying web application directory [D:\New folder-ki2-3\Ltr Web\apache-tomcat-8.5.78\webapps\manager]
19-May-2022 09:12:41.009 INFO [localhost-startStop-1] org.apache.catalina.startup.HostConfig.deployDirectory Deployment of web application directory [D:\New folder-ki2-3\Ltr Web\apache-tomcat-8.5.78\webapps\manager] has finished in [35] ms
19-May-2022 09:12:41.009 INFO [localhost-startStop-1] org.apache.catalina.startup.HostConfig.deployDirectory Deploying web application directory [D:\New folder-ki2-3\Ltr Web\apache-tomcat-8.5.78\webapps\ROOT]
19-May-2022 09:12:41.028 INFO [localhost-startStop-1] org.apache.catalina.startup.HostConfig.deployDirectory Deployment of web application directory [D:\New folder-ki2-3\Ltr Web\apache-tomcat-8.5.78\webapps\ROOT] has finished in [19] ms
19-May-2022 09:12:41.030 INFO [main] org.apache.coyote.AbstractProtocol.start Starting ProtocolHandler ["http-nio-8080"]
19-May-2022 09:12:41.079 INFO [main] org.apache.catalina.startup.Catalina.start Server startup in 1357 ms
19-May-2022 09:15:03.222 INFO [main] org.apache.catalina.core.StandardServer.await A valid shutdown command was received via the shutdown port. Stopping the Server instance.
19-May-2022 09:15:03.223 INFO [main] org.apache.coyote.AbstractProtocol.pause Pausing ProtocolHandler ["http-nio-8080"]
19-May-2022 09:15:03.244 INFO [main] org.apache.catalina.core.StandardService.stopInternal Stopping service [Catalina]
19-May-2022 09:15:03.247 INFO [localhost-startStop-2] org.apache.catalina.core.StandardWrapper.unload Waiting for [1] instance(s) to be deallocated for Servlet [signin]
19-May-2022 09:15:04.253 INFO [localhost-startStop-2] org.apache.catalina.core.StandardWrapper.unload Waiting for [1] instance(s) to be deallocated for Servlet [signin]
19-May-2022 09:15:05.259 INFO [localhost-startStop-2] org.apache.catalina.core.StandardWrapper.unload Waiting for [1] instance(s) to be deallocated for Servlet [signin]
19-May-2022 09:15:05.370 WARNING [localhost-startStop-2] org.apache.catalina.loader.WebappClassLoaderBase.clearReferencesJdbc The web application [shopLaptop] registered the JDBC driver [com.microsoft.sqlserver.jdbc.SQLServerDriver] but failed to unregister it when the web application was stopped. To prevent a memory leak, the JDBC Driver has been forcibly unregistered.
19-May-2022 09:15:05.372 WARNING [localhost-startStop-2] org.apache.catalina.loader.WebappClassLoaderBase.clearReferencesThreads The web application [shopLaptop] is still processing a request that has yet to finish. This is very likely to create a memory leak. You can control the time allowed for requests to finish by using the unloadDelay attribute of the standard Context implementation. Stack trace of request processing thread:[
 java.base@18/java.net.Inet6AddressImpl.lookupAllHostAddr(Native Method)
 java.base@18/java.net.Inet6AddressImpl.lookupAllHostAddr(Inet6AddressImpl.java:52)
 java.base@18/java.net.InetAddress$PlatformResolver.lookupByName(InetAddress.java:1048)
 java.base@18/java.net.InetAddress.getAddressesFromNameService(InetAddress.java:1638)
 java.base@18/java.net.InetAddress$NameServiceAddresses.get(InetAddress.java:997)
 java.base@18/java.net.InetAddress.getAllByName0(InetAddress.java:1628)
 java.base@18/java.net.InetAddress.getAllByName(InetAddress.java:1494)
 com.microsoft.sqlserver.jdbc.SocketFinder.findSocket(IOBuffer.java:2200)
 com.microsoft.sqlserver.jdbc.TDSChannel.open(IOBuffer.java:551)
 com.microsoft.sqlserver.jdbc.SQLServerConnection.connectHelper(SQLServerConnection.java:1963)
 com.microsoft.sqlserver.jdbc.SQLServerConnection.login(SQLServerConnection.java:1628)
 com.microsoft.sqlserver.jdbc.SQLServerConnection.connectInternal(SQLServerConnection.java:1459)
 com.microsoft.sqlserver.jdbc.SQLServerConnection.connect(SQLServerConnection.java:773)
 com.microsoft.sqlserver.jdbc.SQLServerDriver.connect(SQLServerDriver.java:1168)
 platform/java.sql@18/java.sql.DriverManager.getConnection(DriverManager.java:683)
 platform/java.sql@18/java.sql.DriverManager.getConnection(DriverManager.java:230)
 connect.connectDB.getConnect(connectDB.java:24)
 dao.LoginDao.checkSignIn(LoginDao.java:45)
 controller.signin.processRequest(signin.java:40)
 controller.signin.doPost(signin.java:81)
 javax.servlet.http.HttpServlet.service(HttpServlet.java:681)
 javax.servlet.http.HttpServlet.service(HttpServlet.java:764)
 org.apache.catalina.core.ApplicationFilterChain.internalDoFilter(ApplicationFilterChain.java:231)
 org.apache.catalina.core.ApplicationFilterChain.doFilter(ApplicationFilterChain.java:166)
 org.apache.tomcat.websocket.server.WsFilter.doFilter(WsFilter.java:52)
 org.apache.catalina.core.ApplicationFilterChain.internalDoFilter(ApplicationFilterChain.java:193)
 org.apache.catalina.core.ApplicationFilterChain.doFilter(ApplicationFilterChain.java:166)
 org.apache.catalina.core.StandardWrapperValve.invoke(StandardWrapperValve.java:197)
 org.apache.catalina.core.StandardContextValve.invoke(StandardContextValve.java:97)
 org.apache.catalina.authenticator.AuthenticatorBase.invoke(AuthenticatorBase.java:543)
 org.apache.catalina.core.StandardHostValve.invoke(StandardHostValve.java:135)
 org.apache.catalina.valves.ErrorReportValve.invoke(ErrorReportValve.java:92)
 org.apache.catalina.valves.AbstractAccessLogValve.invoke(AbstractAccessLogValve.java:698)
 org.apache.catalina.core.StandardEngineValve.invoke(StandardEngineValve.java:78)
 org.apache.catalina.connector.CoyoteAdapter.service(CoyoteAdapter.java:367)
 org.apache.coyote.http11.Http11Processor.service(Http11Processor.java:639)
 org.apache.coyote.AbstractProcessorLight.process(AbstractProcessorLight.java:65)
 org.apache.coyote.AbstractProtocol$ConnectionHandler.process(AbstractProtocol.java:882)
 org.apache.tomcat.util.net.NioEndpoint$SocketProcessor.doRun(NioEndpoint.java:1647)
 org.apache.tomcat.util.net.SocketProcessorBase.run(SocketProcessorBase.java:49)
 org.apache.tomcat.util.threads.ThreadPoolExecutor.runWorker(ThreadPoolExecutor.java:1191)
 org.apache.tomcat.util.threads.ThreadPoolExecutor$Worker.run(ThreadPoolExecutor.java:659)
 org.apache.tomcat.util.threads.TaskThread$WrappingRunnable.run(TaskThread.java:61)
 java.base@18/java.lang.Thread.run(Thread.java:833)]
19-May-2022 09:15:05.415 SEVERE [localhost-startStop-2] org.apache.catalina.loader.WebappClassLoaderBase.checkThreadLocalMapForLeaks The web application [shopLaptop] created a ThreadLocal with key of type [com.microsoft.sqlserver.jdbc.ActivityCorrelator$1] (value [com.microsoft.sqlserver.jdbc.ActivityCorrelator$1@2e1bc26]) and a value of type [com.microsoft.sqlserver.jdbc.ActivityId] (value [6d8a6c1d-c57f-46c0-85d5-078e940edab2-0]) but failed to remove it when the web application was stopped. Threads are going to be renewed over time to try and avoid a probable memory leak.
19-May-2022 09:15:05.416 SEVERE [localhost-startStop-2] org.apache.catalina.loader.WebappClassLoaderBase.checkThreadLocalMapForLeaks The web application [shopLaptop] created a ThreadLocal with key of type [com.microsoft.sqlserver.jdbc.ActivityCorrelator$1] (value [com.microsoft.sqlserver.jdbc.ActivityCorrelator$1@2e1bc26]) and a value of type [com.microsoft.sqlserver.jdbc.ActivityId] (value [dce1f372-b5d8-4247-9a31-92718d4382e3-0]) but failed to remove it when the web application was stopped. Threads are going to be renewed over time to try and avoid a probable memory leak.
19-May-2022 09:15:05.416 SEVERE [localhost-startStop-2] org.apache.catalina.loader.WebappClassLoaderBase.checkThreadLocalMapForLeaks The web application [shopLaptop] created a ThreadLocal with key of type [com.microsoft.sqlserver.jdbc.ActivityCorrelator$1] (value [com.microsoft.sqlserver.jdbc.ActivityCorrelator$1@2e1bc26]) and a value of type [com.microsoft.sqlserver.jdbc.ActivityId] (value [9f3558da-0786-4ede-a0cc-e1d404007570-0]) but failed to remove it when the web application was stopped. Threads are going to be renewed over time to try and avoid a probable memory leak.
19-May-2022 09:15:05.416 SEVERE [localhost-startStop-2] org.apache.catalina.loader.WebappClassLoaderBase.checkThreadLocalMapForLeaks The web application [shopLaptop] created a ThreadLocal with key of type [com.microsoft.sqlserver.jdbc.ActivityCorrelator$1] (value [com.microsoft.sqlserver.jdbc.ActivityCorrelator$1@2e1bc26]) and a value of type [com.microsoft.sqlserver.jdbc.ActivityId] (value [3ef4a831-d9d3-4a1e-b721-24401857f34a-0]) but failed to remove it when the web application was stopped. Threads are going to be renewed over time to try and avoid a probable memory leak.
19-May-2022 09:15:05.440 INFO [main] org.apache.coyote.AbstractProtocol.stop Stopping ProtocolHandler ["http-nio-8080"]
19-May-2022 09:15:07.076 INFO [main] org.apache.coyote.AbstractProtocol.destroy Destroying ProtocolHandler ["http-nio-8080"]
19-May-2022 21:43:52.795 INFO [main] org.apache.catalina.startup.VersionLoggerListener.log Server version name:   Apache Tomcat/8.5.78
19-May-2022 21:43:52.798 INFO [main] org.apache.catalina.startup.VersionLoggerListener.log Server built:          Mar 31 2022 16:05:28 UTC
19-May-2022 21:43:52.798 INFO [main] org.apache.catalina.startup.VersionLoggerListener.log Server version number: 8.5.78.0
19-May-2022 21:43:52.798 INFO [main] org.apache.catalina.startup.VersionLoggerListener.log OS Name:               Windows 10
19-May-2022 21:43:52.798 INFO [main] org.apache.catalina.startup.VersionLoggerListener.log OS Version:            10.0
19-May-2022 21:43:52.798 INFO [main] org.apache.catalina.startup.VersionLoggerListener.log Architecture:          amd64
19-May-2022 21:43:52.798 INFO [main] org.apache.catalina.startup.VersionLoggerListener.log Java Home:             C:\Program Files\Java\jdk-18
19-May-2022 21:43:52.798 INFO [main] org.apache.catalina.startup.VersionLoggerListener.log JVM Version:           18+36-2087
19-May-2022 21:43:52.798 INFO [main] org.apache.catalina.startup.VersionLoggerListener.log JVM Vendor:            Oracle Corporation
19-May-2022 21:43:52.798 INFO [main] org.apache.catalina.startup.VersionLoggerListener.log CATALINA_BASE:         D:\New folder-ki2-3\Ltr Web\apache-tomcat-8.5.78
19-May-2022 21:43:52.798 INFO [main] org.apache.catalina.startup.VersionLoggerListener.log CATALINA_HOME:         D:\New folder-ki2-3\Ltr Web\apache-tomcat-8.5.78
19-May-2022 21:43:52.799 INFO [main] org.apache.catalina.startup.VersionLoggerListener.log Command line argument: --add-opens=java.base/java.lang=ALL-UNNAMED
19-May-2022 21:43:52.799 INFO [main] org.apache.catalina.startup.VersionLoggerListener.log Command line argument: --add-opens=java.base/java.io=ALL-UNNAMED
19-May-2022 21:43:52.799 INFO [main] org.apache.catalina.startup.VersionLoggerListener.log Command line argument: --add-opens=java.base/java.util=ALL-UNNAMED
19-May-2022 21:43:52.799 INFO [main] org.apache.catalina.startup.VersionLoggerListener.log Command line argument: --add-opens=java.base/java.util.concurrent=ALL-UNNAMED
19-May-2022 21:43:52.799 INFO [main] org.apache.catalina.startup.VersionLoggerListener.log Command line argument: --add-opens=java.rmi/sun.rmi.transport=ALL-UNNAMED
19-May-2022 21:43:52.799 INFO [main] org.apache.catalina.startup.VersionLoggerListener.log Command line argument: -Djava.util.logging.config.file=D:\New folder-ki2-3\Ltr Web\apache-tomcat-8.5.78\conf\logging.properties
19-May-2022 21:43:52.800 INFO [main] org.apache.catalina.startup.VersionLoggerListener.log Command line argument: -Djava.util.logging.manager=org.apache.juli.ClassLoaderLogManager
19-May-2022 21:43:52.800 INFO [main] org.apache.catalina.startup.VersionLoggerListener.log Command line argument: -Dhttp.nonProxyHosts=localhost|127.0.0.1|LAPTOP-DFUDKLMQ
19-May-2022 21:43:52.800 INFO [main] org.apache.catalina.startup.VersionLoggerListener.log Command line argument: -Djdk.tls.ephemeralDHKeySize=2048
19-May-2022 21:43:52.800 INFO [main] org.apache.catalina.startup.VersionLoggerListener.log Command line argument: -Djava.protocol.handler.pkgs=org.apache.catalina.webresources
19-May-2022 21:43:52.800 INFO [main] org.apache.catalina.startup.VersionLoggerListener.log Command line argument: -Dignore.endorsed.dirs=
19-May-2022 21:43:52.800 INFO [main] org.apache.catalina.startup.VersionLoggerListener.log Command line argument: -Dcatalina.base=D:\New folder-ki2-3\Ltr Web\apache-tomcat-8.5.78
19-May-2022 21:43:52.800 INFO [main] org.apache.catalina.startup.VersionLoggerListener.log Command line argument: -Dcatalina.home=D:\New folder-ki2-3\Ltr Web\apache-tomcat-8.5.78
19-May-2022 21:43:52.800 INFO [main] org.apache.catalina.startup.VersionLoggerListener.log Command line argument: -Djava.io.tmpdir=D:\New folder-ki2-3\Ltr Web\apache-tomcat-8.5.78\temp
19-May-2022 21:43:52.800 INFO [main] org.apache.catalina.core.AprLifecycleListener.lifecycleEvent Loaded Apache Tomcat Native library [1.2.32] using APR version [1.7.0].
19-May-2022 21:43:52.800 INFO [main] org.apache.catalina.core.AprLifecycleListener.lifecycleEvent APR capabilities: IPv6 [true], sendfile [true], accept filters [false], random [true], UDS [{4}].
19-May-2022 21:43:52.841 INFO [main] org.apache.catalina.core.AprLifecycleListener.lifecycleEvent APR/OpenSSL configuration: useAprConnector [false], useOpenSSL [true]
19-May-2022 21:43:52.851 INFO [main] org.apache.catalina.core.AprLifecycleListener.initializeSSL OpenSSL successfully initialized [OpenSSL 1.1.1n  15 Mar 2022]
19-May-2022 21:43:52.884 INFO [main] org.apache.coyote.AbstractProtocol.init Initializing ProtocolHandler ["http-nio-8080"]
19-May-2022 21:43:52.904 INFO [main] org.apache.catalina.startup.Catalina.load Initialization processed in 419 ms
19-May-2022 21:43:52.938 INFO [main] org.apache.catalina.core.StandardService.startInternal Starting service [Catalina]
19-May-2022 21:43:52.938 INFO [main] org.apache.catalina.core.StandardEngine.startInternal Starting Servlet engine: [Apache Tomcat/8.5.78]
19-May-2022 21:43:52.944 INFO [localhost-startStop-1] org.apache.catalina.startup.HostConfig.deployDescriptor Deploying deployment descriptor [D:\New folder-ki2-3\Ltr Web\apache-tomcat-8.5.78\conf\Catalina\localhost\shopLaptop.xml]
19-May-2022 21:43:53.434 INFO [localhost-startStop-1] org.apache.jasper.servlet.TldScanner.scanJars At least one JAR was scanned for TLDs yet contained no TLDs. Enable debug logging for this logger for a complete list of JARs that were scanned but no TLDs were found in them. Skipping unneeded JARs during scanning can improve startup time and JSP compilation time.
19-May-2022 21:43:53.503 INFO [localhost-startStop-1] org.apache.catalina.startup.HostConfig.deployDescriptor Deployment of deployment descriptor [D:\New folder-ki2-3\Ltr Web\apache-tomcat-8.5.78\conf\Catalina\localhost\shopLaptop.xml] has finished in [559] ms
19-May-2022 21:43:53.504 INFO [localhost-startStop-1] org.apache.catalina.startup.HostConfig.deployDirectory Deploying web application directory [D:\New folder-ki2-3\Ltr Web\apache-tomcat-8.5.78\webapps\docs]
19-May-2022 21:43:53.524 INFO [localhost-startStop-1] org.apache.catalina.startup.HostConfig.deployDirectory Deployment of web application directory [D:\New folder-ki2-3\Ltr Web\apache-tomcat-8.5.78\webapps\docs] has finished in [20] ms
19-May-2022 21:43:53.524 INFO [localhost-startStop-1] org.apache.catalina.startup.HostConfig.deployDirectory Deploying web application directory [D:\New folder-ki2-3\Ltr Web\apache-tomcat-8.5.78\webapps\examples]
19-May-2022 21:43:53.888 INFO [localhost-startStop-1] org.apache.catalina.startup.HostConfig.deployDirectory Deployment of web application directory [D:\New folder-ki2-3\Ltr Web\apache-tomcat-8.5.78\webapps\examples] has finished in [364] ms
19-May-2022 21:43:53.888 INFO [localhost-startStop-1] org.apache.catalina.startup.HostConfig.deployDirectory Deploying web application directory [D:\New folder-ki2-3\Ltr Web\apache-tomcat-8.5.78\webapps\host-manager]
19-May-2022 21:43:53.916 INFO [localhost-startStop-1] org.apache.catalina.startup.HostConfig.deployDirectory Deployment of web application directory [D:\New folder-ki2-3\Ltr Web\apache-tomcat-8.5.78\webapps\host-manager] has finished in [28] ms
19-May-2022 21:43:53.916 INFO [localhost-startStop-1] org.apache.catalina.startup.HostConfig.deployDirectory Deploying web application directory [D:\New folder-ki2-3\Ltr Web\apache-tomcat-8.5.78\webapps\manager]
19-May-2022 21:43:53.940 INFO [localhost-startStop-1] org.apache.catalina.startup.HostConfig.deployDirectory Deployment of web application directory [D:\New folder-ki2-3\Ltr Web\apache-tomcat-8.5.78\webapps\manager] has finished in [23] ms
19-May-2022 21:43:53.940 INFO [localhost-startStop-1] org.apache.catalina.startup.HostConfig.deployDirectory Deploying web application directory [D:\New folder-ki2-3\Ltr Web\apache-tomcat-8.5.78\webapps\ROOT]
19-May-2022 21:43:53.952 INFO [localhost-startStop-1] org.apache.catalina.startup.HostConfig.deployDirectory Deployment of web application directory [D:\New folder-ki2-3\Ltr Web\apache-tomcat-8.5.78\webapps\ROOT] has finished in [12] ms
19-May-2022 21:43:53.954 INFO [main] org.apache.coyote.AbstractProtocol.start Starting ProtocolHandler ["http-nio-8080"]
19-May-2022 21:43:53.990 INFO [main] org.apache.catalina.startup.Catalina.start Server startup in 1085 ms
19-May-2022 21:54:08.583 INFO [main] org.apache.catalina.core.StandardServer.await A valid shutdown command was received via the shutdown port. Stopping the Server instance.
19-May-2022 21:54:08.584 INFO [main] org.apache.coyote.AbstractProtocol.pause Pausing ProtocolHandler ["http-nio-8080"]
19-May-2022 21:54:08.599 INFO [main] org.apache.catalina.core.StandardService.stopInternal Stopping service [Catalina]
19-May-2022 21:54:08.619 INFO [main] org.apache.coyote.AbstractProtocol.stop Stopping ProtocolHandler ["http-nio-8080"]
19-May-2022 21:54:08.623 INFO [main] org.apache.coyote.AbstractProtocol.destroy Destroying ProtocolHandler ["http-nio-8080"]
