05-May-2023 00:17:41.694 INFO [http-nio-8080-exec-3] org.apache.catalina.core.ApplicationContext.log Manager: init: Associated with Deployer 'Catalina:type=Deployer,host=localhost'
05-May-2023 00:17:41.694 INFO [http-nio-8080-exec-3] org.apache.catalina.core.ApplicationContext.log Manager: init: Global resources are available
05-May-2023 00:18:11.681 INFO [http-nio-8080-exec-1] org.apache.catalina.core.ApplicationContext.log Manager: list: Listing contexts for virtual host 'localhost'
05-May-2023 00:18:11.684 INFO [http-nio-8080-exec-2] org.apache.catalina.core.ApplicationContext.log Manager: list: Listing contexts for virtual host 'localhost'
05-May-2023 00:18:18.871 INFO [http-nio-8080-exec-2] org.apache.catalina.core.ApplicationContext.log Manager: init: Associated with Deployer 'Catalina:type=Deployer,host=localhost'
05-May-2023 00:18:18.871 INFO [http-nio-8080-exec-2] org.apache.catalina.core.ApplicationContext.log Manager: init: Global resources are available
05-May-2023 00:18:35.390 INFO [http-nio-8080-exec-1] org.apache.catalina.core.ApplicationContext.log Manager: list: Listing contexts for virtual host 'localhost'
05-May-2023 00:18:35.395 INFO [http-nio-8080-exec-7] org.apache.catalina.core.ApplicationContext.log Manager: undeploy: Undeploying web application at '/shopLaptop'
05-May-2023 00:18:35.910 INFO [http-nio-8080-exec-3] org.apache.catalina.core.ApplicationContext.log Manager: install: Installing context configuration at 'file:/C:/Users/tuong/AppData/Local/Temp/context13240567280450337661.xml'
05-May-2023 00:18:36.369 INFO [http-nio-8080-exec-10] org.apache.catalina.core.ApplicationContext.log Manager: start: Starting web application '/shopLaptop'
05-May-2023 00:33:33.860 INFO [http-nio-8080-exec-15] org.apache.catalina.core.ApplicationContext.log Manager: list: Listing contexts for virtual host 'localhost'
05-May-2023 00:33:33.862 INFO [http-nio-8080-exec-16] org.apache.catalina.core.ApplicationContext.log Manager: list: Listing contexts for virtual host 'localhost'
05-May-2023 00:36:30.746 INFO [http-nio-8080-exec-14] org.apache.catalina.core.ApplicationContext.log Manager: list: Listing contexts for virtual host 'localhost'
05-May-2023 00:36:30.749 INFO [http-nio-8080-exec-17] org.apache.catalina.core.ApplicationContext.log Manager: list: Listing contexts for virtual host 'localhost'
05-May-2023 00:37:56.730 INFO [http-nio-8080-exec-20] org.apache.catalina.core.ApplicationContext.log Manager: list: Listing contexts for virtual host 'localhost'
05-May-2023 00:37:56.735 INFO [http-nio-8080-exec-13] org.apache.catalina.core.ApplicationContext.log Manager: restart: Reloading web application '/shopLaptop'
05-May-2023 00:38:06.462 INFO [http-nio-8080-exec-16] org.apache.catalina.core.ApplicationContext.log Manager: list: Listing contexts for virtual host 'localhost'
05-May-2023 00:38:06.466 INFO [http-nio-8080-exec-12] org.apache.catalina.core.ApplicationContext.log Manager: restart: Reloading web application '/shopLaptop'
05-May-2023 00:38:11.515 INFO [http-nio-8080-exec-23] org.apache.catalina.core.ApplicationContext.log Manager: list: Listing contexts for virtual host 'localhost'
05-May-2023 00:38:11.517 INFO [http-nio-8080-exec-15] org.apache.catalina.core.ApplicationContext.log Manager: list: Listing contexts for virtual host 'localhost'
05-May-2023 00:38:11.533 INFO [http-nio-8080-exec-11] org.apache.catalina.core.ApplicationContext.log Manager: restart: Reloading web application '/shopLaptop'
05-May-2023 00:41:21.197 INFO [http-nio-8080-exec-24] org.apache.catalina.core.ApplicationContext.log Manager: list: Listing contexts for virtual host 'localhost'
05-May-2023 00:41:21.199 INFO [http-nio-8080-exec-31] org.apache.catalina.core.ApplicationContext.log Manager: list: Listing contexts for virtual host 'localhost'
05-May-2023 00:43:26.374 INFO [http-nio-8080-exec-32] org.apache.catalina.core.ApplicationContext.log Manager: list: Listing contexts for virtual host 'localhost'
05-May-2023 00:43:35.467 INFO [http-nio-8080-exec-26] org.apache.catalina.core.ApplicationContext.log Manager: list: Listing contexts for virtual host 'localhost'
05-May-2023 00:43:45.994 INFO [http-nio-8080-exec-25] org.apache.catalina.core.ApplicationContext.log Manager: list: Listing contexts for virtual host 'localhost'
05-May-2023 00:43:55.170 INFO [http-nio-8080-exec-33] org.apache.catalina.core.ApplicationContext.log Manager: list: Listing contexts for virtual host 'localhost'
05-May-2023 00:44:02.061 INFO [http-nio-8080-exec-24] org.apache.catalina.core.ApplicationContext.log Manager: list: Listing contexts for virtual host 'localhost'
05-May-2023 00:44:08.446 INFO [http-nio-8080-exec-29] org.apache.catalina.core.ApplicationContext.log Manager: list: Listing contexts for virtual host 'localhost'
05-May-2023 00:44:30.997 INFO [http-nio-8080-exec-28] org.apache.catalina.core.ApplicationContext.log Manager: list: Listing contexts for virtual host 'localhost'
05-May-2023 00:44:39.765 INFO [http-nio-8080-exec-24] org.apache.catalina.core.ApplicationContext.log Manager: list: Listing contexts for virtual host 'localhost'
05-May-2023 00:44:39.767 INFO [http-nio-8080-exec-30] org.apache.catalina.core.ApplicationContext.log Manager: list: Listing contexts for virtual host 'localhost'
05-May-2023 00:47:35.064 INFO [http-nio-8080-exec-29] org.apache.catalina.core.ApplicationContext.log Manager: list: Listing contexts for virtual host 'localhost'
05-May-2023 00:47:43.384 INFO [http-nio-8080-exec-25] org.apache.catalina.core.ApplicationContext.log Manager: list: Listing contexts for virtual host 'localhost'
05-May-2023 00:47:43.386 INFO [http-nio-8080-exec-31] org.apache.catalina.core.ApplicationContext.log Manager: list: Listing contexts for virtual host 'localhost'
05-May-2023 00:50:55.914 INFO [http-nio-8080-exec-27] org.apache.catalina.core.ApplicationContext.log Manager: list: Listing contexts for virtual host 'localhost'
05-May-2023 00:50:55.917 INFO [http-nio-8080-exec-25] org.apache.catalina.core.ApplicationContext.log Manager: list: Listing contexts for virtual host 'localhost'
05-May-2023 00:56:08.284 INFO [http-nio-8080-exec-31] org.apache.catalina.core.ApplicationContext.log Manager: list: Listing contexts for virtual host 'localhost'
05-May-2023 00:56:08.286 INFO [http-nio-8080-exec-28] org.apache.catalina.core.ApplicationContext.log Manager: list: Listing contexts for virtual host 'localhost'
05-May-2023 00:58:42.325 INFO [http-nio-8080-exec-32] org.apache.catalina.core.ApplicationContext.log Manager: list: Listing contexts for virtual host 'localhost'
05-May-2023 00:58:42.327 INFO [http-nio-8080-exec-30] org.apache.catalina.core.ApplicationContext.log Manager: list: Listing contexts for virtual host 'localhost'
