22-Jun-2022 00:01:14.457 INFO [http-nio-8080-exec-16] org.apache.catalina.core.ApplicationContext.log Manager: list: Listing contexts for virtual host 'localhost'
22-Jun-2022 00:03:50.793 INFO [http-nio-8080-exec-21] org.apache.catalina.core.ApplicationContext.log Manager: list: Listing contexts for virtual host 'localhost'
22-Jun-2022 08:07:25.476 INFO [http-nio-8080-exec-4] org.apache.catalina.core.ApplicationContext.log Manager: init: Associated with Deployer 'Catalina:type=Deployer,host=localhost'
22-Jun-2022 08:07:25.476 INFO [http-nio-8080-exec-4] org.apache.catalina.core.ApplicationContext.log Manager: init: Global resources are available
22-Jun-2022 08:07:25.503 INFO [http-nio-8080-exec-8] org.apache.catalina.core.ApplicationContext.log Manager: list: Listing contexts for virtual host 'localhost'
22-Jun-2022 08:07:25.507 INFO [http-nio-8080-exec-10] org.apache.catalina.core.ApplicationContext.log Manager: list: Listing contexts for virtual host 'localhost'
22-Jun-2022 08:07:25.528 INFO [http-nio-8080-exec-9] org.apache.catalina.core.ApplicationContext.log Manager: undeploy: Undeploying web application at '/shopLaptop'
22-Jun-2022 08:07:26.057 INFO [http-nio-8080-exec-3] org.apache.catalina.core.ApplicationContext.log Manager: install: Installing context configuration at 'file:/C:/Users/tuong/AppData/Local/Temp/context1499703219479283601.xml'
22-Jun-2022 08:07:26.399 INFO [http-nio-8080-exec-7] org.apache.catalina.core.ApplicationContext.log Manager: start: Starting web application '/shopLaptop'
22-Jun-2022 08:10:24.791 INFO [http-nio-8080-exec-12] org.apache.catalina.core.ApplicationContext.log Manager: list: Listing contexts for virtual host 'localhost'
22-Jun-2022 08:12:21.643 INFO [http-nio-8080-exec-17] org.apache.catalina.core.ApplicationContext.log Manager: list: Listing contexts for virtual host 'localhost'
22-Jun-2022 08:13:09.855 INFO [http-nio-8080-exec-12] org.apache.catalina.core.ApplicationContext.log Manager: list: Listing contexts for virtual host 'localhost'
22-Jun-2022 08:16:54.316 INFO [http-nio-8080-exec-11] org.apache.catalina.core.ApplicationContext.log Manager: list: Listing contexts for virtual host 'localhost'
22-Jun-2022 08:16:54.321 INFO [http-nio-8080-exec-19] org.apache.catalina.core.ApplicationContext.log Manager: restart: Reloading web application '/shopLaptop'
22-Jun-2022 08:18:03.415 INFO [http-nio-8080-exec-23] org.apache.catalina.core.ApplicationContext.log Manager: list: Listing contexts for virtual host 'localhost'
22-Jun-2022 08:18:25.754 INFO [http-nio-8080-exec-22] org.apache.catalina.core.ApplicationContext.log Manager: list: Listing contexts for virtual host 'localhost'
22-Jun-2022 08:18:25.759 INFO [http-nio-8080-exec-24] org.apache.catalina.core.ApplicationContext.log Manager: restart: Reloading web application '/shopLaptop'
22-Jun-2022 08:19:07.489 INFO [http-nio-8080-exec-36] org.apache.catalina.core.ApplicationContext.log Manager: list: Listing contexts for virtual host 'localhost'
22-Jun-2022 08:19:07.494 INFO [http-nio-8080-exec-35] org.apache.catalina.core.ApplicationContext.log Manager: restart: Reloading web application '/shopLaptop'
22-Jun-2022 08:19:17.348 INFO [http-nio-8080-exec-36] org.apache.catalina.core.ApplicationContext.log Manager: list: Listing contexts for virtual host 'localhost'
22-Jun-2022 08:19:17.353 INFO [http-nio-8080-exec-33] org.apache.catalina.core.ApplicationContext.log Manager: restart: Reloading web application '/shopLaptop'
22-Jun-2022 08:25:54.678 INFO [http-nio-8080-exec-51] org.apache.catalina.core.ApplicationContext.log Manager: list: Listing contexts for virtual host 'localhost'
22-Jun-2022 08:25:54.697 INFO [http-nio-8080-exec-53] org.apache.catalina.core.ApplicationContext.log Manager: restart: Reloading web application '/shopLaptop'
22-Jun-2022 08:25:55.480 INFO [http-nio-8080-exec-48] org.apache.catalina.core.ApplicationContext.log Manager: list: Listing contexts for virtual host 'localhost'
22-Jun-2022 08:25:55.485 INFO [http-nio-8080-exec-52] org.apache.catalina.core.ApplicationContext.log Manager: restart: Reloading web application '/shopLaptop'
22-Jun-2022 08:32:47.987 INFO [http-nio-8080-exec-58] org.apache.catalina.core.ApplicationContext.log Manager: list: Listing contexts for virtual host 'localhost'
22-Jun-2022 08:32:47.994 INFO [http-nio-8080-exec-57] org.apache.catalina.core.ApplicationContext.log Manager: restart: Reloading web application '/shopLaptop'
22-Jun-2022 08:36:51.045 INFO [http-nio-8080-exec-64] org.apache.catalina.core.ApplicationContext.log Manager: list: Listing contexts for virtual host 'localhost'
22-Jun-2022 08:36:51.049 INFO [http-nio-8080-exec-65] org.apache.catalina.core.ApplicationContext.log Manager: restart: Reloading web application '/shopLaptop'
22-Jun-2022 08:38:34.157 INFO [http-nio-8080-exec-69] org.apache.catalina.core.ApplicationContext.log Manager: list: Listing contexts for virtual host 'localhost'
22-Jun-2022 08:39:55.695 INFO [http-nio-8080-exec-68] org.apache.catalina.core.ApplicationContext.log Manager: list: Listing contexts for virtual host 'localhost'
22-Jun-2022 08:40:38.066 INFO [http-nio-8080-exec-71] org.apache.catalina.core.ApplicationContext.log Manager: list: Listing contexts for virtual host 'localhost'
22-Jun-2022 08:40:38.071 INFO [http-nio-8080-exec-73] org.apache.catalina.core.ApplicationContext.log Manager: restart: Reloading web application '/shopLaptop'
22-Jun-2022 08:43:30.939 INFO [http-nio-8080-exec-79] org.apache.catalina.core.ApplicationContext.log Manager: list: Listing contexts for virtual host 'localhost'
22-Jun-2022 08:43:30.945 INFO [http-nio-8080-exec-81] org.apache.catalina.core.ApplicationContext.log Manager: restart: Reloading web application '/shopLaptop'
22-Jun-2022 08:43:34.045 INFO [http-nio-8080-exec-78] org.apache.catalina.core.ApplicationContext.log Manager: list: Listing contexts for virtual host 'localhost'
22-Jun-2022 08:43:34.048 INFO [http-nio-8080-exec-79] org.apache.catalina.core.ApplicationContext.log Manager: restart: Reloading web application '/shopLaptop'
22-Jun-2022 08:44:39.676 INFO [http-nio-8080-exec-90] org.apache.catalina.core.ApplicationContext.log Manager: list: Listing contexts for virtual host 'localhost'
22-Jun-2022 08:44:39.682 INFO [http-nio-8080-exec-89] org.apache.catalina.core.ApplicationContext.log Manager: restart: Reloading web application '/shopLaptop'
22-Jun-2022 08:45:38.939 INFO [http-nio-8080-exec-90] org.apache.catalina.core.ApplicationContext.log Manager: list: Listing contexts for virtual host 'localhost'
22-Jun-2022 08:45:38.943 INFO [http-nio-8080-exec-89] org.apache.catalina.core.ApplicationContext.log Manager: restart: Reloading web application '/shopLaptop'
22-Jun-2022 08:46:59.735 INFO [http-nio-8080-exec-99] org.apache.catalina.core.ApplicationContext.log Manager: list: Listing contexts for virtual host 'localhost'
22-Jun-2022 08:46:59.741 INFO [http-nio-8080-exec-95] org.apache.catalina.core.ApplicationContext.log Manager: restart: Reloading web application '/shopLaptop'
22-Jun-2022 08:47:29.541 INFO [http-nio-8080-exec-101] org.apache.catalina.core.ApplicationContext.log Manager: list: Listing contexts for virtual host 'localhost'
22-Jun-2022 08:47:42.397 INFO [http-nio-8080-exec-102] org.apache.catalina.core.ApplicationContext.log Manager: list: Listing contexts for virtual host 'localhost'
22-Jun-2022 08:47:49.481 INFO [http-nio-8080-exec-99] org.apache.catalina.core.ApplicationContext.log Manager: list: Listing contexts for virtual host 'localhost'
22-Jun-2022 08:47:49.485 INFO [http-nio-8080-exec-87] org.apache.catalina.core.ApplicationContext.log Manager: restart: Reloading web application '/shopLaptop'
22-Jun-2022 09:07:24.129 INFO [http-nio-8080-exec-107] org.apache.catalina.core.ApplicationContext.log Manager: list: Listing contexts for virtual host 'localhost'
22-Jun-2022 09:07:24.133 INFO [http-nio-8080-exec-115] org.apache.catalina.core.ApplicationContext.log Manager: restart: Reloading web application '/shopLaptop'
22-Jun-2022 09:07:47.467 INFO [http-nio-8080-exec-113] org.apache.catalina.core.ApplicationContext.log Manager: list: Listing contexts for virtual host 'localhost'
22-Jun-2022 09:07:47.473 INFO [http-nio-8080-exec-112] org.apache.catalina.core.ApplicationContext.log Manager: restart: Reloading web application '/shopLaptop'
22-Jun-2022 09:08:05.922 INFO [http-nio-8080-exec-108] org.apache.catalina.core.ApplicationContext.log Manager: list: Listing contexts for virtual host 'localhost'
22-Jun-2022 09:08:05.926 INFO [http-nio-8080-exec-112] org.apache.catalina.core.ApplicationContext.log Manager: restart: Reloading web application '/shopLaptop'
22-Jun-2022 09:08:35.772 INFO [http-nio-8080-exec-124] org.apache.catalina.core.ApplicationContext.log Manager: list: Listing contexts for virtual host 'localhost'
22-Jun-2022 09:08:35.776 INFO [http-nio-8080-exec-123] org.apache.catalina.core.ApplicationContext.log Manager: restart: Reloading web application '/shopLaptop'
22-Jun-2022 09:08:42.469 INFO [http-nio-8080-exec-127] org.apache.catalina.core.ApplicationContext.log Manager: list: Listing contexts for virtual host 'localhost'
22-Jun-2022 09:08:42.473 INFO [http-nio-8080-exec-126] org.apache.catalina.core.ApplicationContext.log Manager: restart: Reloading web application '/shopLaptop'
22-Jun-2022 09:11:19.607 INFO [http-nio-8080-exec-134] org.apache.catalina.core.ApplicationContext.log Manager: list: Listing contexts for virtual host 'localhost'
22-Jun-2022 09:11:19.611 INFO [http-nio-8080-exec-136] org.apache.catalina.core.ApplicationContext.log Manager: restart: Reloading web application '/shopLaptop'
22-Jun-2022 09:12:30.676 INFO [http-nio-8080-exec-146] org.apache.catalina.core.ApplicationContext.log Manager: list: Listing contexts for virtual host 'localhost'
22-Jun-2022 09:12:30.680 INFO [http-nio-8080-exec-147] org.apache.catalina.core.ApplicationContext.log Manager: restart: Reloading web application '/shopLaptop'
22-Jun-2022 09:13:29.955 INFO [http-nio-8080-exec-148] org.apache.catalina.core.ApplicationContext.log Manager: list: Listing contexts for virtual host 'localhost'
22-Jun-2022 09:13:29.959 INFO [http-nio-8080-exec-144] org.apache.catalina.core.ApplicationContext.log Manager: restart: Reloading web application '/shopLaptop'
22-Jun-2022 09:15:55.511 INFO [http-nio-8080-exec-161] org.apache.catalina.core.ApplicationContext.log Manager: list: Listing contexts for virtual host 'localhost'
22-Jun-2022 09:15:55.515 INFO [http-nio-8080-exec-160] org.apache.catalina.core.ApplicationContext.log Manager: restart: Reloading web application '/shopLaptop'
22-Jun-2022 09:43:53.636 INFO [http-nio-8080-exec-173] org.apache.catalina.core.ApplicationContext.log Manager: list: Listing contexts for virtual host 'localhost'
22-Jun-2022 09:43:53.691 INFO [http-nio-8080-exec-168] org.apache.catalina.core.ApplicationContext.log Manager: undeploy: Undeploying web application at '/shopLaptop'
22-Jun-2022 09:43:54.212 INFO [http-nio-8080-exec-172] org.apache.catalina.core.ApplicationContext.log Manager: install: Installing context configuration at 'file:/C:/Users/tuong/AppData/Local/Temp/context4467526174823567263.xml'
22-Jun-2022 09:43:54.458 INFO [http-nio-8080-exec-166] org.apache.catalina.core.ApplicationContext.log Manager: start: Starting web application '/shopLaptop'
22-Jun-2022 09:44:03.196 INFO [http-nio-8080-exec-174] org.apache.catalina.core.ApplicationContext.log Manager: list: Listing contexts for virtual host 'localhost'
22-Jun-2022 09:44:03.197 INFO [http-nio-8080-exec-176] org.apache.catalina.core.ApplicationContext.log Manager: list: Listing contexts for virtual host 'localhost'
22-Jun-2022 09:44:03.209 INFO [http-nio-8080-exec-172] org.apache.catalina.core.ApplicationContext.log Manager: undeploy: Undeploying web application at '/shopLaptop'
22-Jun-2022 09:44:03.720 INFO [http-nio-8080-exec-176] org.apache.catalina.core.ApplicationContext.log Manager: install: Installing context configuration at 'file:/C:/Users/tuong/AppData/Local/Temp/context1351575794060234590.xml'
22-Jun-2022 09:44:03.945 INFO [http-nio-8080-exec-167] org.apache.catalina.core.ApplicationContext.log Manager: start: Starting web application '/shopLaptop'
22-Jun-2022 09:44:28.554 INFO [http-nio-8080-exec-175] org.apache.catalina.core.ApplicationContext.log Manager: list: Listing contexts for virtual host 'localhost'
22-Jun-2022 09:44:28.558 INFO [http-nio-8080-exec-166] org.apache.catalina.core.ApplicationContext.log Manager: restart: Reloading web application '/shopLaptop'
22-Jun-2022 09:46:02.618 INFO [http-nio-8080-exec-187] org.apache.catalina.core.ApplicationContext.log Manager: list: Listing contexts for virtual host 'localhost'
22-Jun-2022 09:46:02.642 INFO [http-nio-8080-exec-180] org.apache.catalina.core.ApplicationContext.log Manager: list: Listing contexts for virtual host 'localhost'
22-Jun-2022 09:46:02.708 INFO [http-nio-8080-exec-182] org.apache.catalina.core.ApplicationContext.log Manager: list: Listing contexts for virtual host 'localhost'
22-Jun-2022 09:46:02.734 INFO [http-nio-8080-exec-186] org.apache.catalina.core.ApplicationContext.log Manager: list: Listing contexts for virtual host 'localhost'
22-Jun-2022 09:46:02.772 INFO [http-nio-8080-exec-180] org.apache.catalina.core.ApplicationContext.log Manager: list: Listing contexts for virtual host 'localhost'
22-Jun-2022 09:46:02.801 INFO [http-nio-8080-exec-189] org.apache.catalina.core.ApplicationContext.log Manager: list: Listing contexts for virtual host 'localhost'
22-Jun-2022 09:46:02.839 INFO [http-nio-8080-exec-184] org.apache.catalina.core.ApplicationContext.log Manager: list: Listing contexts for virtual host 'localhost'
22-Jun-2022 09:46:02.878 INFO [http-nio-8080-exec-180] org.apache.catalina.core.ApplicationContext.log Manager: list: Listing contexts for virtual host 'localhost'
22-Jun-2022 09:46:02.913 INFO [http-nio-8080-exec-188] org.apache.catalina.core.ApplicationContext.log Manager: list: Listing contexts for virtual host 'localhost'
22-Jun-2022 09:46:02.938 INFO [http-nio-8080-exec-182] org.apache.catalina.core.ApplicationContext.log Manager: list: Listing contexts for virtual host 'localhost'
22-Jun-2022 09:46:02.955 INFO [http-nio-8080-exec-187] org.apache.catalina.core.ApplicationContext.log Manager: list: Listing contexts for virtual host 'localhost'
22-Jun-2022 09:46:10.089 INFO [http-nio-8080-exec-184] org.apache.catalina.core.ApplicationContext.log Manager: list: Listing contexts for virtual host 'localhost'
22-Jun-2022 09:46:10.091 INFO [http-nio-8080-exec-180] org.apache.catalina.core.ApplicationContext.log Manager: list: Listing contexts for virtual host 'localhost'
22-Jun-2022 09:46:10.101 INFO [http-nio-8080-exec-181] org.apache.catalina.core.ApplicationContext.log Manager: undeploy: Undeploying web application at '/shopLaptop'
22-Jun-2022 09:46:10.610 INFO [http-nio-8080-exec-182] org.apache.catalina.core.ApplicationContext.log Manager: install: Installing context configuration at 'file:/C:/Users/tuong/AppData/Local/Temp/context3060863586764602683.xml'
22-Jun-2022 09:46:10.844 INFO [http-nio-8080-exec-189] org.apache.catalina.core.ApplicationContext.log Manager: start: Starting web application '/shopLaptop'
22-Jun-2022 09:49:38.179 INFO [http-nio-8080-exec-191] org.apache.catalina.core.ApplicationContext.log Manager: list: Listing contexts for virtual host 'localhost'
22-Jun-2022 09:49:38.181 INFO [http-nio-8080-exec-196] org.apache.catalina.core.ApplicationContext.log Manager: list: Listing contexts for virtual host 'localhost'
22-Jun-2022 09:49:38.191 INFO [http-nio-8080-exec-198] org.apache.catalina.core.ApplicationContext.log Manager: undeploy: Undeploying web application at '/shopLaptop'
22-Jun-2022 09:49:38.702 INFO [http-nio-8080-exec-190] org.apache.catalina.core.ApplicationContext.log Manager: install: Installing context configuration at 'file:/C:/Users/tuong/AppData/Local/Temp/context18185685581242613189.xml'
22-Jun-2022 09:49:38.929 INFO [http-nio-8080-exec-196] org.apache.catalina.core.ApplicationContext.log Manager: start: Starting web application '/shopLaptop'
22-Jun-2022 09:50:28.981 INFO [http-nio-8080-exec-190] org.apache.catalina.core.ApplicationContext.log Manager: list: Listing contexts for virtual host 'localhost'
22-Jun-2022 09:50:28.983 INFO [http-nio-8080-exec-200] org.apache.catalina.core.ApplicationContext.log Manager: restart: Reloading web application '/shopLaptop'
22-Jun-2022 09:50:29.953 INFO [http-nio-8080-exec-201] org.apache.catalina.core.ApplicationContext.log Manager: list: Listing contexts for virtual host 'localhost'
22-Jun-2022 09:50:29.960 INFO [http-nio-8080-exec-202] org.apache.catalina.core.ApplicationContext.log Manager: restart: Reloading web application '/shopLaptop'
22-Jun-2022 09:53:30.607 INFO [http-nio-8080-exec-211] org.apache.catalina.core.ApplicationContext.log Manager: list: Listing contexts for virtual host 'localhost'
22-Jun-2022 09:54:03.260 INFO [http-nio-8080-exec-211] org.apache.catalina.core.ApplicationContext.log Manager: list: Listing contexts for virtual host 'localhost'
22-Jun-2022 09:54:03.284 INFO [http-nio-8080-exec-212] org.apache.catalina.core.ApplicationContext.log Manager: list: Listing contexts for virtual host 'localhost'
22-Jun-2022 09:54:12.919 INFO [http-nio-8080-exec-208] org.apache.catalina.core.ApplicationContext.log Manager: list: Listing contexts for virtual host 'localhost'
22-Jun-2022 09:54:12.927 INFO [http-nio-8080-exec-211] org.apache.catalina.core.ApplicationContext.log Manager: restart: Reloading web application '/shopLaptop'
22-Jun-2022 09:54:16.749 INFO [http-nio-8080-exec-214] org.apache.catalina.core.ApplicationContext.log Manager: list: Listing contexts for virtual host 'localhost'
22-Jun-2022 09:54:16.756 INFO [http-nio-8080-exec-213] org.apache.catalina.core.ApplicationContext.log Manager: restart: Reloading web application '/shopLaptop'
22-Jun-2022 09:54:17.239 INFO [http-nio-8080-exec-210] org.apache.catalina.core.ApplicationContext.log Manager: list: Listing contexts for virtual host 'localhost'
22-Jun-2022 09:54:17.242 INFO [http-nio-8080-exec-206] org.apache.catalina.core.ApplicationContext.log Manager: restart: Reloading web application '/shopLaptop'
22-Jun-2022 09:54:19.248 INFO [http-nio-8080-exec-214] org.apache.catalina.core.ApplicationContext.log Manager: list: Listing contexts for virtual host 'localhost'
22-Jun-2022 09:54:19.256 INFO [http-nio-8080-exec-207] org.apache.catalina.core.ApplicationContext.log Manager: restart: Reloading web application '/shopLaptop'
22-Jun-2022 09:54:19.869 INFO [http-nio-8080-exec-217] org.apache.catalina.core.ApplicationContext.log Manager: list: Listing contexts for virtual host 'localhost'
22-Jun-2022 09:54:19.873 INFO [http-nio-8080-exec-212] org.apache.catalina.core.ApplicationContext.log Manager: restart: Reloading web application '/shopLaptop'
22-Jun-2022 09:54:31.404 INFO [http-nio-8080-exec-213] org.apache.catalina.core.ApplicationContext.log Manager: list: Listing contexts for virtual host 'localhost'
22-Jun-2022 09:54:31.409 INFO [http-nio-8080-exec-207] org.apache.catalina.core.ApplicationContext.log Manager: restart: Reloading web application '/shopLaptop'
22-Jun-2022 09:54:32.015 INFO [http-nio-8080-exec-210] org.apache.catalina.core.ApplicationContext.log Manager: list: Listing contexts for virtual host 'localhost'
22-Jun-2022 09:54:32.020 INFO [http-nio-8080-exec-212] org.apache.catalina.core.ApplicationContext.log Manager: restart: Reloading web application '/shopLaptop'
22-Jun-2022 09:54:37.323 INFO [http-nio-8080-exec-205] org.apache.catalina.core.ApplicationContext.log Manager: list: Listing contexts for virtual host 'localhost'
22-Jun-2022 09:54:37.329 INFO [http-nio-8080-exec-209] org.apache.catalina.core.ApplicationContext.log Manager: restart: Reloading web application '/shopLaptop'
22-Jun-2022 09:54:37.820 INFO [http-nio-8080-exec-212] org.apache.catalina.core.ApplicationContext.log Manager: list: Listing contexts for virtual host 'localhost'
22-Jun-2022 09:54:37.823 INFO [http-nio-8080-exec-218] org.apache.catalina.core.ApplicationContext.log Manager: restart: Reloading web application '/shopLaptop'
22-Jun-2022 09:55:24.005 INFO [http-nio-8080-exec-206] org.apache.catalina.core.ApplicationContext.log Manager: list: Listing contexts for virtual host 'localhost'
22-Jun-2022 09:55:24.009 INFO [http-nio-8080-exec-210] org.apache.catalina.core.ApplicationContext.log Manager: restart: Reloading web application '/shopLaptop'
22-Jun-2022 09:56:09.857 INFO [http-nio-8080-exec-223] org.apache.catalina.core.ApplicationContext.log Manager: list: Listing contexts for virtual host 'localhost'
22-Jun-2022 09:56:09.882 INFO [http-nio-8080-exec-210] org.apache.catalina.core.ApplicationContext.log Manager: list: Listing contexts for virtual host 'localhost'
22-Jun-2022 09:56:59.716 INFO [http-nio-8080-exec-221] org.apache.catalina.core.ApplicationContext.log Manager: list: Listing contexts for virtual host 'localhost'
22-Jun-2022 09:57:03.089 INFO [http-nio-8080-exec-228] org.apache.catalina.core.ApplicationContext.log Manager: list: Listing contexts for virtual host 'localhost'
22-Jun-2022 09:57:12.844 INFO [http-nio-8080-exec-210] org.apache.catalina.core.ApplicationContext.log Manager: list: Listing contexts for virtual host 'localhost'
22-Jun-2022 09:57:40.688 INFO [http-nio-8080-exec-232] org.apache.catalina.core.ApplicationContext.log Manager: list: Listing contexts for virtual host 'localhost'
22-Jun-2022 09:58:02.180 INFO [http-nio-8080-exec-210] org.apache.catalina.core.ApplicationContext.log Manager: list: Listing contexts for virtual host 'localhost'
22-Jun-2022 10:00:46.865 INFO [http-nio-8080-exec-234] org.apache.catalina.core.ApplicationContext.log Manager: list: Listing contexts for virtual host 'localhost'
22-Jun-2022 10:04:06.757 INFO [http-nio-8080-exec-229] org.apache.catalina.core.ApplicationContext.log Manager: list: Listing contexts for virtual host 'localhost'
22-Jun-2022 10:04:07.071 INFO [http-nio-8080-exec-233] org.apache.catalina.core.ApplicationContext.log Manager: list: Listing contexts for virtual host 'localhost'
22-Jun-2022 10:06:48.658 INFO [http-nio-8080-exec-229] org.apache.catalina.core.ApplicationContext.log Manager: list: Listing contexts for virtual host 'localhost'
22-Jun-2022 10:07:11.027 INFO [http-nio-8080-exec-236] org.apache.catalina.core.ApplicationContext.log Manager: list: Listing contexts for virtual host 'localhost'
22-Jun-2022 10:07:11.035 INFO [http-nio-8080-exec-230] org.apache.catalina.core.ApplicationContext.log Manager: restart: Reloading web application '/shopLaptop'
22-Jun-2022 10:07:11.654 INFO [http-nio-8080-exec-235] org.apache.catalina.core.ApplicationContext.log Manager: list: Listing contexts for virtual host 'localhost'
22-Jun-2022 10:07:11.657 INFO [http-nio-8080-exec-228] org.apache.catalina.core.ApplicationContext.log Manager: restart: Reloading web application '/shopLaptop'
22-Jun-2022 10:07:20.350 INFO [http-nio-8080-exec-232] org.apache.catalina.core.ApplicationContext.log Manager: list: Listing contexts for virtual host 'localhost'
22-Jun-2022 10:07:20.355 INFO [http-nio-8080-exec-229] org.apache.catalina.core.ApplicationContext.log Manager: restart: Reloading web application '/shopLaptop'
22-Jun-2022 10:08:04.730 INFO [http-nio-8080-exec-236] org.apache.catalina.core.ApplicationContext.log Manager: list: Listing contexts for virtual host 'localhost'
22-Jun-2022 10:08:04.737 INFO [http-nio-8080-exec-227] org.apache.catalina.core.ApplicationContext.log Manager: restart: Reloading web application '/shopLaptop'
22-Jun-2022 10:08:05.357 INFO [http-nio-8080-exec-239] org.apache.catalina.core.ApplicationContext.log Manager: list: Listing contexts for virtual host 'localhost'
22-Jun-2022 10:08:05.360 INFO [http-nio-8080-exec-231] org.apache.catalina.core.ApplicationContext.log Manager: restart: Reloading web application '/shopLaptop'
22-Jun-2022 10:08:34.372 INFO [http-nio-8080-exec-238] org.apache.catalina.core.ApplicationContext.log Manager: list: Listing contexts for virtual host 'localhost'
22-Jun-2022 10:08:34.380 INFO [http-nio-8080-exec-233] org.apache.catalina.core.ApplicationContext.log Manager: restart: Reloading web application '/shopLaptop'
22-Jun-2022 10:08:34.885 INFO [http-nio-8080-exec-231] org.apache.catalina.core.ApplicationContext.log Manager: list: Listing contexts for virtual host 'localhost'
22-Jun-2022 10:08:34.889 INFO [http-nio-8080-exec-239] org.apache.catalina.core.ApplicationContext.log Manager: restart: Reloading web application '/shopLaptop'
22-Jun-2022 10:08:35.509 INFO [http-nio-8080-exec-235] org.apache.catalina.core.ApplicationContext.log Manager: list: Listing contexts for virtual host 'localhost'
22-Jun-2022 10:08:35.512 INFO [http-nio-8080-exec-237] org.apache.catalina.core.ApplicationContext.log Manager: restart: Reloading web application '/shopLaptop'
22-Jun-2022 10:08:50.338 INFO [http-nio-8080-exec-229] org.apache.catalina.core.ApplicationContext.log Manager: list: Listing contexts for virtual host 'localhost'
22-Jun-2022 10:08:50.342 INFO [http-nio-8080-exec-235] org.apache.catalina.core.ApplicationContext.log Manager: restart: Reloading web application '/shopLaptop'
22-Jun-2022 10:08:50.963 INFO [http-nio-8080-exec-237] org.apache.catalina.core.ApplicationContext.log Manager: list: Listing contexts for virtual host 'localhost'
22-Jun-2022 10:08:50.967 INFO [http-nio-8080-exec-238] org.apache.catalina.core.ApplicationContext.log Manager: restart: Reloading web application '/shopLaptop'
22-Jun-2022 10:10:41.578 INFO [http-nio-8080-exec-243] org.apache.catalina.core.ApplicationContext.log Manager: list: Listing contexts for virtual host 'localhost'
22-Jun-2022 10:10:41.582 INFO [http-nio-8080-exec-229] org.apache.catalina.core.ApplicationContext.log Manager: restart: Reloading web application '/shopLaptop'
22-Jun-2022 10:11:09.492 INFO [http-nio-8080-exec-240] org.apache.catalina.core.ApplicationContext.log Manager: list: Listing contexts for virtual host 'localhost'
22-Jun-2022 10:11:09.496 INFO [http-nio-8080-exec-243] org.apache.catalina.core.ApplicationContext.log Manager: restart: Reloading web application '/shopLaptop'
22-Jun-2022 10:11:48.144 INFO [http-nio-8080-exec-236] org.apache.catalina.core.ApplicationContext.log Manager: list: Listing contexts for virtual host 'localhost'
22-Jun-2022 10:11:48.148 INFO [http-nio-8080-exec-240] org.apache.catalina.core.ApplicationContext.log Manager: restart: Reloading web application '/shopLaptop'
22-Jun-2022 10:12:29.944 INFO [http-nio-8080-exec-236] org.apache.catalina.core.ApplicationContext.log Manager: list: Listing contexts for virtual host 'localhost'
22-Jun-2022 10:12:29.952 INFO [http-nio-8080-exec-243] org.apache.catalina.core.ApplicationContext.log Manager: restart: Reloading web application '/shopLaptop'
22-Jun-2022 10:12:30.579 INFO [http-nio-8080-exec-237] org.apache.catalina.core.ApplicationContext.log Manager: list: Listing contexts for virtual host 'localhost'
22-Jun-2022 10:12:30.583 INFO [http-nio-8080-exec-242] org.apache.catalina.core.ApplicationContext.log Manager: restart: Reloading web application '/shopLaptop'
22-Jun-2022 10:13:02.473 INFO [http-nio-8080-exec-245] org.apache.catalina.core.ApplicationContext.log Manager: list: Listing contexts for virtual host 'localhost'
22-Jun-2022 10:13:02.477 INFO [http-nio-8080-exec-243] org.apache.catalina.core.ApplicationContext.log Manager: restart: Reloading web application '/shopLaptop'
22-Jun-2022 10:13:15.604 INFO [http-nio-8080-exec-245] org.apache.catalina.core.ApplicationContext.log Manager: list: Listing contexts for virtual host 'localhost'
22-Jun-2022 10:13:15.608 INFO [http-nio-8080-exec-240] org.apache.catalina.core.ApplicationContext.log Manager: restart: Reloading web application '/shopLaptop'
22-Jun-2022 10:13:16.211 INFO [http-nio-8080-exec-242] org.apache.catalina.core.ApplicationContext.log Manager: list: Listing contexts for virtual host 'localhost'
22-Jun-2022 10:13:16.214 INFO [http-nio-8080-exec-248] org.apache.catalina.core.ApplicationContext.log Manager: restart: Reloading web application '/shopLaptop'
22-Jun-2022 10:13:29.729 INFO [http-nio-8080-exec-243] org.apache.catalina.core.ApplicationContext.log Manager: list: Listing contexts for virtual host 'localhost'
22-Jun-2022 10:14:35.231 INFO [http-nio-8080-exec-255] org.apache.catalina.core.ApplicationContext.log Manager: list: Listing contexts for virtual host 'localhost'
22-Jun-2022 10:15:52.763 INFO [http-nio-8080-exec-257] org.apache.catalina.core.ApplicationContext.log Manager: list: Listing contexts for virtual host 'localhost'
22-Jun-2022 10:15:52.767 INFO [http-nio-8080-exec-254] org.apache.catalina.core.ApplicationContext.log Manager: restart: Reloading web application '/shopLaptop'
22-Jun-2022 10:18:27.897 INFO [http-nio-8080-exec-262] org.apache.catalina.core.ApplicationContext.log Manager: list: Listing contexts for virtual host 'localhost'
22-Jun-2022 10:18:27.902 INFO [http-nio-8080-exec-263] org.apache.catalina.core.ApplicationContext.log Manager: restart: Reloading web application '/shopLaptop'
22-Jun-2022 10:18:28.534 INFO [http-nio-8080-exec-260] org.apache.catalina.core.ApplicationContext.log Manager: list: Listing contexts for virtual host 'localhost'
22-Jun-2022 10:18:28.538 INFO [http-nio-8080-exec-267] org.apache.catalina.core.ApplicationContext.log Manager: restart: Reloading web application '/shopLaptop'
22-Jun-2022 10:18:54.596 INFO [http-nio-8080-exec-258] org.apache.catalina.core.ApplicationContext.log Manager: list: Listing contexts for virtual host 'localhost'
22-Jun-2022 10:18:54.600 INFO [http-nio-8080-exec-263] org.apache.catalina.core.ApplicationContext.log Manager: restart: Reloading web application '/shopLaptop'
22-Jun-2022 10:19:02.678 INFO [http-nio-8080-exec-260] org.apache.catalina.core.ApplicationContext.log Manager: list: Listing contexts for virtual host 'localhost'
22-Jun-2022 10:19:02.682 INFO [http-nio-8080-exec-266] org.apache.catalina.core.ApplicationContext.log Manager: restart: Reloading web application '/shopLaptop'
22-Jun-2022 10:19:07.847 INFO [http-nio-8080-exec-264] org.apache.catalina.core.ApplicationContext.log Manager: list: Listing contexts for virtual host 'localhost'
22-Jun-2022 10:19:43.772 INFO [http-nio-8080-exec-270] org.apache.catalina.core.ApplicationContext.log Manager: list: Listing contexts for virtual host 'localhost'
22-Jun-2022 10:19:43.775 INFO [http-nio-8080-exec-261] org.apache.catalina.core.ApplicationContext.log Manager: restart: Reloading web application '/shopLaptop'
22-Jun-2022 10:19:44.383 INFO [http-nio-8080-exec-269] org.apache.catalina.core.ApplicationContext.log Manager: list: Listing contexts for virtual host 'localhost'
22-Jun-2022 10:19:44.387 INFO [http-nio-8080-exec-270] org.apache.catalina.core.ApplicationContext.log Manager: restart: Reloading web application '/shopLaptop'
22-Jun-2022 10:20:25.082 INFO [http-nio-8080-exec-264] org.apache.catalina.core.ApplicationContext.log Manager: list: Listing contexts for virtual host 'localhost'
22-Jun-2022 10:20:25.086 INFO [http-nio-8080-exec-263] org.apache.catalina.core.ApplicationContext.log Manager: restart: Reloading web application '/shopLaptop'
22-Jun-2022 10:20:53.472 INFO [http-nio-8080-exec-272] org.apache.catalina.core.ApplicationContext.log Manager: list: Listing contexts for virtual host 'localhost'
22-Jun-2022 10:20:53.483 INFO [http-nio-8080-exec-258] org.apache.catalina.core.ApplicationContext.log Manager: restart: Reloading web application '/shopLaptop'
22-Jun-2022 10:20:54.129 INFO [http-nio-8080-exec-260] org.apache.catalina.core.ApplicationContext.log Manager: list: Listing contexts for virtual host 'localhost'
22-Jun-2022 10:20:54.133 INFO [http-nio-8080-exec-263] org.apache.catalina.core.ApplicationContext.log Manager: restart: Reloading web application '/shopLaptop'
22-Jun-2022 10:21:49.891 INFO [http-nio-8080-exec-272] org.apache.catalina.core.ApplicationContext.log Manager: list: Listing contexts for virtual host 'localhost'
22-Jun-2022 10:21:49.895 INFO [http-nio-8080-exec-258] org.apache.catalina.core.ApplicationContext.log Manager: restart: Reloading web application '/shopLaptop'
22-Jun-2022 10:22:16.123 INFO [http-nio-8080-exec-272] org.apache.catalina.core.ApplicationContext.log Manager: list: Listing contexts for virtual host 'localhost'
22-Jun-2022 10:22:16.127 INFO [http-nio-8080-exec-262] org.apache.catalina.core.ApplicationContext.log Manager: restart: Reloading web application '/shopLaptop'
22-Jun-2022 10:22:45.619 INFO [http-nio-8080-exec-258] org.apache.catalina.core.ApplicationContext.log Manager: list: Listing contexts for virtual host 'localhost'
22-Jun-2022 10:22:45.623 INFO [http-nio-8080-exec-264] org.apache.catalina.core.ApplicationContext.log Manager: restart: Reloading web application '/shopLaptop'
22-Jun-2022 10:24:29.859 INFO [http-nio-8080-exec-262] org.apache.catalina.core.ApplicationContext.log Manager: list: Listing contexts for virtual host 'localhost'
22-Jun-2022 10:24:29.862 INFO [http-nio-8080-exec-270] org.apache.catalina.core.ApplicationContext.log Manager: restart: Reloading web application '/shopLaptop'
22-Jun-2022 10:24:35.708 INFO [http-nio-8080-exec-263] org.apache.catalina.core.ApplicationContext.log Manager: list: Listing contexts for virtual host 'localhost'
22-Jun-2022 10:24:35.713 INFO [http-nio-8080-exec-277] org.apache.catalina.core.ApplicationContext.log Manager: restart: Reloading web application '/shopLaptop'
22-Jun-2022 10:25:37.547 INFO [http-nio-8080-exec-291] org.apache.catalina.core.ApplicationContext.log Manager: list: Listing contexts for virtual host 'localhost'
22-Jun-2022 10:25:37.911 INFO [http-nio-8080-exec-289] org.apache.catalina.core.ApplicationContext.log Manager: list: Listing contexts for virtual host 'localhost'
22-Jun-2022 10:25:37.912 INFO [http-nio-8080-exec-292] org.apache.catalina.core.ApplicationContext.log Manager: list: Listing contexts for virtual host 'localhost'
22-Jun-2022 10:25:37.922 INFO [http-nio-8080-exec-284] org.apache.catalina.core.ApplicationContext.log Manager: undeploy: Undeploying web application at '/shopLaptop'
22-Jun-2022 10:25:38.434 INFO [http-nio-8080-exec-291] org.apache.catalina.core.ApplicationContext.log Manager: install: Installing context configuration at 'file:/C:/Users/tuong/AppData/Local/Temp/context17317602057069405310.xml'
22-Jun-2022 10:25:38.709 INFO [http-nio-8080-exec-287] org.apache.catalina.core.ApplicationContext.log Manager: start: Starting web application '/shopLaptop'
22-Jun-2022 10:26:47.850 INFO [http-nio-8080-exec-296] org.apache.catalina.core.ApplicationContext.log Manager: list: Listing contexts for virtual host 'localhost'
22-Jun-2022 10:27:12.160 INFO [http-nio-8080-exec-296] org.apache.catalina.core.ApplicationContext.log Manager: list: Listing contexts for virtual host 'localhost'
22-Jun-2022 10:27:12.162 INFO [http-nio-8080-exec-299] org.apache.catalina.core.ApplicationContext.log Manager: list: Listing contexts for virtual host 'localhost'
22-Jun-2022 10:27:12.173 INFO [http-nio-8080-exec-301] org.apache.catalina.core.ApplicationContext.log Manager: undeploy: Undeploying web application at '/shopLaptop'
22-Jun-2022 10:27:12.681 INFO [http-nio-8080-exec-294] org.apache.catalina.core.ApplicationContext.log Manager: install: Installing context configuration at 'file:/C:/Users/tuong/AppData/Local/Temp/context11437335076022811334.xml'
22-Jun-2022 10:27:12.957 INFO [http-nio-8080-exec-300] org.apache.catalina.core.ApplicationContext.log Manager: start: Starting web application '/shopLaptop'
22-Jun-2022 10:27:46.369 INFO [http-nio-8080-exec-306] org.apache.catalina.core.ApplicationContext.log Manager: list: Listing contexts for virtual host 'localhost'
22-Jun-2022 10:28:18.012 INFO [http-nio-8080-exec-310] org.apache.catalina.core.ApplicationContext.log Manager: list: Listing contexts for virtual host 'localhost'
22-Jun-2022 10:28:18.014 INFO [http-nio-8080-exec-311] org.apache.catalina.core.ApplicationContext.log Manager: list: Listing contexts for virtual host 'localhost'
22-Jun-2022 10:28:18.025 INFO [http-nio-8080-exec-312] org.apache.catalina.core.ApplicationContext.log Manager: undeploy: Undeploying web application at '/shopLaptop'
22-Jun-2022 10:28:18.539 INFO [http-nio-8080-exec-303] org.apache.catalina.core.ApplicationContext.log Manager: install: Installing context configuration at 'file:/C:/Users/tuong/AppData/Local/Temp/context10107555736454975988.xml'
22-Jun-2022 10:28:18.807 INFO [http-nio-8080-exec-310] org.apache.catalina.core.ApplicationContext.log Manager: start: Starting web application '/shopLaptop'
22-Jun-2022 10:29:57.725 INFO [http-nio-8080-exec-319] org.apache.catalina.core.ApplicationContext.log Manager: list: Listing contexts for virtual host 'localhost'
22-Jun-2022 10:30:31.429 INFO [http-nio-8080-exec-317] org.apache.catalina.core.ApplicationContext.log Manager: list: Listing contexts for virtual host 'localhost'
22-Jun-2022 10:30:58.920 INFO [http-nio-8080-exec-315] org.apache.catalina.core.ApplicationContext.log Manager: list: Listing contexts for virtual host 'localhost'
22-Jun-2022 10:30:58.921 INFO [http-nio-8080-exec-316] org.apache.catalina.core.ApplicationContext.log Manager: list: Listing contexts for virtual host 'localhost'
22-Jun-2022 10:30:58.930 INFO [http-nio-8080-exec-320] org.apache.catalina.core.ApplicationContext.log Manager: undeploy: Undeploying web application at '/shopLaptop'
22-Jun-2022 10:30:59.441 INFO [http-nio-8080-exec-322] org.apache.catalina.core.ApplicationContext.log Manager: install: Installing context configuration at 'file:/C:/Users/tuong/AppData/Local/Temp/context7003431721970877851.xml'
22-Jun-2022 10:30:59.731 INFO [http-nio-8080-exec-315] org.apache.catalina.core.ApplicationContext.log Manager: start: Starting web application '/shopLaptop'
22-Jun-2022 10:32:27.767 INFO [http-nio-8080-exec-327] org.apache.catalina.core.ApplicationContext.log Manager: list: Listing contexts for virtual host 'localhost'
22-Jun-2022 10:32:27.774 INFO [http-nio-8080-exec-326] org.apache.catalina.core.ApplicationContext.log Manager: restart: Reloading web application '/shopLaptop'
22-Jun-2022 10:32:35.213 INFO [http-nio-8080-exec-331] org.apache.catalina.core.ApplicationContext.log Manager: list: Listing contexts for virtual host 'localhost'
22-Jun-2022 10:32:35.216 INFO [http-nio-8080-exec-325] org.apache.catalina.core.ApplicationContext.log Manager: restart: Reloading web application '/shopLaptop'
22-Jun-2022 10:32:36.533 INFO [http-nio-8080-exec-328] org.apache.catalina.core.ApplicationContext.log Manager: list: Listing contexts for virtual host 'localhost'
22-Jun-2022 10:32:36.543 INFO [http-nio-8080-exec-324] org.apache.catalina.core.ApplicationContext.log Manager: restart: Reloading web application '/shopLaptop'
22-Jun-2022 10:32:42.084 INFO [http-nio-8080-exec-325] org.apache.catalina.core.ApplicationContext.log Manager: list: Listing contexts for virtual host 'localhost'
22-Jun-2022 10:32:42.088 INFO [http-nio-8080-exec-333] org.apache.catalina.core.ApplicationContext.log Manager: restart: Reloading web application '/shopLaptop'
22-Jun-2022 10:32:43.051 INFO [http-nio-8080-exec-323] org.apache.catalina.core.ApplicationContext.log Manager: list: Listing contexts for virtual host 'localhost'
22-Jun-2022 10:32:43.056 INFO [http-nio-8080-exec-334] org.apache.catalina.core.ApplicationContext.log Manager: restart: Reloading web application '/shopLaptop'
22-Jun-2022 10:33:28.538 INFO [http-nio-8080-exec-335] org.apache.catalina.core.ApplicationContext.log Manager: list: Listing contexts for virtual host 'localhost'
22-Jun-2022 10:33:28.542 INFO [http-nio-8080-exec-329] org.apache.catalina.core.ApplicationContext.log Manager: restart: Reloading web application '/shopLaptop'
22-Jun-2022 10:33:58.624 INFO [http-nio-8080-exec-325] org.apache.catalina.core.ApplicationContext.log Manager: list: Listing contexts for virtual host 'localhost'
22-Jun-2022 10:33:58.631 INFO [http-nio-8080-exec-335] org.apache.catalina.core.ApplicationContext.log Manager: restart: Reloading web application '/shopLaptop'
22-Jun-2022 10:33:59.256 INFO [http-nio-8080-exec-328] org.apache.catalina.core.ApplicationContext.log Manager: list: Listing contexts for virtual host 'localhost'
22-Jun-2022 10:33:59.260 INFO [http-nio-8080-exec-324] org.apache.catalina.core.ApplicationContext.log Manager: restart: Reloading web application '/shopLaptop'
22-Jun-2022 10:34:04.920 INFO [http-nio-8080-exec-335] org.apache.catalina.core.ApplicationContext.log Manager: list: Listing contexts for virtual host 'localhost'
22-Jun-2022 10:34:04.925 INFO [http-nio-8080-exec-338] org.apache.catalina.core.ApplicationContext.log Manager: restart: Reloading web application '/shopLaptop'
22-Jun-2022 10:34:05.558 INFO [http-nio-8080-exec-323] org.apache.catalina.core.ApplicationContext.log Manager: list: Listing contexts for virtual host 'localhost'
22-Jun-2022 10:34:05.562 INFO [http-nio-8080-exec-328] org.apache.catalina.core.ApplicationContext.log Manager: restart: Reloading web application '/shopLaptop'
22-Jun-2022 10:34:10.744 INFO [http-nio-8080-exec-325] org.apache.catalina.core.ApplicationContext.log Manager: list: Listing contexts for virtual host 'localhost'
22-Jun-2022 10:34:10.749 INFO [http-nio-8080-exec-335] org.apache.catalina.core.ApplicationContext.log Manager: restart: Reloading web application '/shopLaptop'
22-Jun-2022 10:34:11.351 INFO [http-nio-8080-exec-313] org.apache.catalina.core.ApplicationContext.log Manager: list: Listing contexts for virtual host 'localhost'
22-Jun-2022 10:34:11.355 INFO [http-nio-8080-exec-337] org.apache.catalina.core.ApplicationContext.log Manager: restart: Reloading web application '/shopLaptop'
22-Jun-2022 10:34:17.084 INFO [http-nio-8080-exec-338] org.apache.catalina.core.ApplicationContext.log Manager: list: Listing contexts for virtual host 'localhost'
22-Jun-2022 10:34:17.108 INFO [http-nio-8080-exec-337] org.apache.catalina.core.ApplicationContext.log Manager: list: Listing contexts for virtual host 'localhost'
22-Jun-2022 10:34:51.552 INFO [http-nio-8080-exec-329] org.apache.catalina.core.ApplicationContext.log Manager: list: Listing contexts for virtual host 'localhost'
22-Jun-2022 10:34:55.528 INFO [http-nio-8080-exec-313] org.apache.catalina.core.ApplicationContext.log Manager: list: Listing contexts for virtual host 'localhost'
22-Jun-2022 10:34:55.529 INFO [http-nio-8080-exec-325] org.apache.catalina.core.ApplicationContext.log Manager: list: Listing contexts for virtual host 'localhost'
22-Jun-2022 10:34:55.538 INFO [http-nio-8080-exec-328] org.apache.catalina.core.ApplicationContext.log Manager: undeploy: Undeploying web application at '/shopLaptop'
22-Jun-2022 10:34:56.049 INFO [http-nio-8080-exec-329] org.apache.catalina.core.ApplicationContext.log Manager: install: Installing context configuration at 'file:/C:/Users/tuong/AppData/Local/Temp/context9740068196793746551.xml'
22-Jun-2022 10:34:56.313 INFO [http-nio-8080-exec-313] org.apache.catalina.core.ApplicationContext.log Manager: start: Starting web application '/shopLaptop'
22-Jun-2022 10:35:11.875 INFO [http-nio-8080-exec-324] org.apache.catalina.core.ApplicationContext.log Manager: list: Listing contexts for virtual host 'localhost'
22-Jun-2022 10:35:11.880 INFO [http-nio-8080-exec-337] org.apache.catalina.core.ApplicationContext.log Manager: restart: Reloading web application '/shopLaptop'
22-Jun-2022 10:36:34.848 INFO [http-nio-8080-exec-350] org.apache.catalina.core.ApplicationContext.log Manager: list: Listing contexts for virtual host 'localhost'
22-Jun-2022 10:36:34.849 INFO [http-nio-8080-exec-353] org.apache.catalina.core.ApplicationContext.log Manager: list: Listing contexts for virtual host 'localhost'
22-Jun-2022 10:36:34.862 INFO [http-nio-8080-exec-352] org.apache.catalina.core.ApplicationContext.log Manager: undeploy: Undeploying web application at '/shopLaptop'
22-Jun-2022 10:36:35.372 INFO [http-nio-8080-exec-350] org.apache.catalina.core.ApplicationContext.log Manager: install: Installing context configuration at 'file:/C:/Users/tuong/AppData/Local/Temp/context5174133086940647222.xml'
22-Jun-2022 10:36:35.648 INFO [http-nio-8080-exec-353] org.apache.catalina.core.ApplicationContext.log Manager: start: Starting web application '/shopLaptop'
22-Jun-2022 10:37:01.871 INFO [http-nio-8080-exec-351] org.apache.catalina.core.ApplicationContext.log Manager: list: Listing contexts for virtual host 'localhost'
22-Jun-2022 10:37:01.895 INFO [http-nio-8080-exec-352] org.apache.catalina.core.ApplicationContext.log Manager: list: Listing contexts for virtual host 'localhost'
22-Jun-2022 10:37:01.940 INFO [http-nio-8080-exec-354] org.apache.catalina.core.ApplicationContext.log Manager: list: Listing contexts for virtual host 'localhost'
22-Jun-2022 10:37:01.970 INFO [http-nio-8080-exec-351] org.apache.catalina.core.ApplicationContext.log Manager: list: Listing contexts for virtual host 'localhost'
22-Jun-2022 10:37:02.018 INFO [http-nio-8080-exec-352] org.apache.catalina.core.ApplicationContext.log Manager: list: Listing contexts for virtual host 'localhost'
22-Jun-2022 10:37:02.053 INFO [http-nio-8080-exec-350] org.apache.catalina.core.ApplicationContext.log Manager: list: Listing contexts for virtual host 'localhost'
22-Jun-2022 10:37:02.105 INFO [http-nio-8080-exec-356] org.apache.catalina.core.ApplicationContext.log Manager: list: Listing contexts for virtual host 'localhost'
22-Jun-2022 10:37:02.138 INFO [http-nio-8080-exec-349] org.apache.catalina.core.ApplicationContext.log Manager: list: Listing contexts for virtual host 'localhost'
22-Jun-2022 10:37:02.161 INFO [http-nio-8080-exec-350] org.apache.catalina.core.ApplicationContext.log Manager: list: Listing contexts for virtual host 'localhost'
22-Jun-2022 10:37:02.186 INFO [http-nio-8080-exec-356] org.apache.catalina.core.ApplicationContext.log Manager: list: Listing contexts for virtual host 'localhost'
22-Jun-2022 10:37:02.210 INFO [http-nio-8080-exec-351] org.apache.catalina.core.ApplicationContext.log Manager: list: Listing contexts for virtual host 'localhost'
22-Jun-2022 10:37:02.229 INFO [http-nio-8080-exec-348] org.apache.catalina.core.ApplicationContext.log Manager: list: Listing contexts for virtual host 'localhost'
22-Jun-2022 10:37:27.086 INFO [http-nio-8080-exec-351] org.apache.catalina.core.ApplicationContext.log Manager: list: Listing contexts for virtual host 'localhost'
22-Jun-2022 10:37:27.087 INFO [http-nio-8080-exec-358] org.apache.catalina.core.ApplicationContext.log Manager: list: Listing contexts for virtual host 'localhost'
22-Jun-2022 10:37:27.096 INFO [http-nio-8080-exec-349] org.apache.catalina.core.ApplicationContext.log Manager: undeploy: Undeploying web application at '/shopLaptop'
22-Jun-2022 10:37:27.603 INFO [http-nio-8080-exec-359] org.apache.catalina.core.ApplicationContext.log Manager: install: Installing context configuration at 'file:/C:/Users/tuong/AppData/Local/Temp/context1877904252424895064.xml'
22-Jun-2022 10:37:27.880 INFO [http-nio-8080-exec-354] org.apache.catalina.core.ApplicationContext.log Manager: start: Starting web application '/shopLaptop'
22-Jun-2022 10:39:35.158 INFO [http-nio-8080-exec-4] org.apache.catalina.core.ApplicationContext.log Manager: init: Associated with Deployer 'Catalina:type=Deployer,host=localhost'
22-Jun-2022 10:39:35.158 INFO [http-nio-8080-exec-4] org.apache.catalina.core.ApplicationContext.log Manager: init: Global resources are available
22-Jun-2022 10:39:35.190 INFO [http-nio-8080-exec-8] org.apache.catalina.core.ApplicationContext.log Manager: list: Listing contexts for virtual host 'localhost'
22-Jun-2022 10:39:35.193 INFO [http-nio-8080-exec-9] org.apache.catalina.core.ApplicationContext.log Manager: list: Listing contexts for virtual host 'localhost'
22-Jun-2022 10:39:35.212 INFO [http-nio-8080-exec-10] org.apache.catalina.core.ApplicationContext.log Manager: undeploy: Undeploying web application at '/shopLaptop'
22-Jun-2022 10:39:35.737 INFO [http-nio-8080-exec-5] org.apache.catalina.core.ApplicationContext.log Manager: install: Installing context configuration at 'file:/C:/Users/tuong/AppData/Local/Temp/context17864888954770488551.xml'
22-Jun-2022 10:39:36.045 INFO [http-nio-8080-exec-4] org.apache.catalina.core.ApplicationContext.log Manager: start: Starting web application '/shopLaptop'
22-Jun-2022 10:42:54.606 INFO [http-nio-8080-exec-18] org.apache.catalina.core.ApplicationContext.log Manager: list: Listing contexts for virtual host 'localhost'
22-Jun-2022 10:42:54.615 INFO [http-nio-8080-exec-16] org.apache.catalina.core.ApplicationContext.log Manager: undeploy: Undeploying web application at '/shopLaptop'
22-Jun-2022 10:42:55.136 INFO [http-nio-8080-exec-18] org.apache.catalina.core.ApplicationContext.log Manager: install: Installing context configuration at 'file:/C:/Users/tuong/AppData/Local/Temp/context404679713025077364.xml'
22-Jun-2022 10:42:55.463 INFO [http-nio-8080-exec-20] org.apache.catalina.core.ApplicationContext.log Manager: start: Starting web application '/shopLaptop'
22-Jun-2022 10:44:04.586 INFO [http-nio-8080-exec-26] org.apache.catalina.core.ApplicationContext.log Manager: list: Listing contexts for virtual host 'localhost'
22-Jun-2022 10:49:49.993 INFO [http-nio-8080-exec-24] org.apache.catalina.core.ApplicationContext.log Manager: list: Listing contexts for virtual host 'localhost'
22-Jun-2022 10:49:49.999 INFO [http-nio-8080-exec-27] org.apache.catalina.core.ApplicationContext.log Manager: restart: Reloading web application '/shopLaptop'
22-Jun-2022 10:49:50.704 INFO [http-nio-8080-exec-24] org.apache.catalina.core.ApplicationContext.log Manager: list: Listing contexts for virtual host 'localhost'
22-Jun-2022 10:49:50.709 INFO [http-nio-8080-exec-23] org.apache.catalina.core.ApplicationContext.log Manager: restart: Reloading web application '/shopLaptop'
22-Jun-2022 10:49:54.756 INFO [http-nio-8080-exec-29] org.apache.catalina.core.ApplicationContext.log Manager: list: Listing contexts for virtual host 'localhost'
22-Jun-2022 10:49:54.761 INFO [http-nio-8080-exec-30] org.apache.catalina.core.ApplicationContext.log Manager: restart: Reloading web application '/shopLaptop'
22-Jun-2022 10:50:51.724 INFO [http-nio-8080-exec-32] org.apache.catalina.core.ApplicationContext.log Manager: list: Listing contexts for virtual host 'localhost'
22-Jun-2022 10:50:51.736 INFO [http-nio-8080-exec-21] org.apache.catalina.core.ApplicationContext.log Manager: restart: Reloading web application '/shopLaptop'
22-Jun-2022 10:50:52.434 INFO [http-nio-8080-exec-30] org.apache.catalina.core.ApplicationContext.log Manager: list: Listing contexts for virtual host 'localhost'
22-Jun-2022 10:50:52.439 INFO [http-nio-8080-exec-23] org.apache.catalina.core.ApplicationContext.log Manager: restart: Reloading web application '/shopLaptop'
22-Jun-2022 10:51:46.044 INFO [http-nio-8080-exec-29] org.apache.catalina.core.ApplicationContext.log Manager: list: Listing contexts for virtual host 'localhost'
22-Jun-2022 10:51:46.048 INFO [http-nio-8080-exec-22] org.apache.catalina.core.ApplicationContext.log Manager: restart: Reloading web application '/shopLaptop'
22-Jun-2022 10:53:05.955 INFO [http-nio-8080-exec-39] org.apache.catalina.core.ApplicationContext.log Manager: list: Listing contexts for virtual host 'localhost'
22-Jun-2022 10:53:49.508 INFO [http-nio-8080-exec-37] org.apache.catalina.core.ApplicationContext.log Manager: list: Listing contexts for virtual host 'localhost'
22-Jun-2022 10:54:27.109 INFO [http-nio-8080-exec-43] org.apache.catalina.core.ApplicationContext.log Manager: list: Listing contexts for virtual host 'localhost'
22-Jun-2022 10:59:47.266 INFO [http-nio-8080-exec-41] org.apache.catalina.core.ApplicationContext.log Manager: list: Listing contexts for virtual host 'localhost'
22-Jun-2022 10:59:47.268 INFO [http-nio-8080-exec-42] org.apache.catalina.core.ApplicationContext.log Manager: list: Listing contexts for virtual host 'localhost'
22-Jun-2022 10:59:47.283 INFO [http-nio-8080-exec-44] org.apache.catalina.core.ApplicationContext.log Manager: undeploy: Undeploying web application at '/shopLaptop'
22-Jun-2022 10:59:47.796 INFO [http-nio-8080-exec-40] org.apache.catalina.core.ApplicationContext.log Manager: install: Installing context configuration at 'file:/C:/Users/tuong/AppData/Local/Temp/context16943964940938183209.xml'
22-Jun-2022 10:59:48.087 INFO [http-nio-8080-exec-37] org.apache.catalina.core.ApplicationContext.log Manager: start: Starting web application '/shopLaptop'
22-Jun-2022 11:10:39.669 INFO [http-nio-8080-exec-53] org.apache.catalina.core.ApplicationContext.log Manager: list: Listing contexts for virtual host 'localhost'
22-Jun-2022 11:10:46.435 INFO [http-nio-8080-exec-54] org.apache.catalina.core.ApplicationContext.log Manager: list: Listing contexts for virtual host 'localhost'
22-Jun-2022 11:10:46.437 INFO [http-nio-8080-exec-48] org.apache.catalina.core.ApplicationContext.log Manager: list: Listing contexts for virtual host 'localhost'
22-Jun-2022 11:10:46.455 INFO [http-nio-8080-exec-49] org.apache.catalina.core.ApplicationContext.log Manager: undeploy: Undeploying web application at '/shopLaptop'
22-Jun-2022 11:10:46.970 INFO [http-nio-8080-exec-46] org.apache.catalina.core.ApplicationContext.log Manager: install: Installing context configuration at 'file:/C:/Users/tuong/AppData/Local/Temp/context2070024844747206261.xml'
22-Jun-2022 11:10:47.269 INFO [http-nio-8080-exec-50] org.apache.catalina.core.ApplicationContext.log Manager: start: Starting web application '/shopLaptop'
22-Jun-2022 11:17:38.875 INFO [http-nio-8080-exec-59] org.apache.catalina.core.ApplicationContext.log Manager: list: Listing contexts for virtual host 'localhost'
22-Jun-2022 11:17:38.883 INFO [http-nio-8080-exec-61] org.apache.catalina.core.ApplicationContext.log Manager: undeploy: Undeploying web application at '/shopLaptop'
22-Jun-2022 11:17:39.397 INFO [http-nio-8080-exec-62] org.apache.catalina.core.ApplicationContext.log Manager: install: Installing context configuration at 'file:/C:/Users/tuong/AppData/Local/Temp/context16464021103134701736.xml'
22-Jun-2022 11:17:39.694 INFO [http-nio-8080-exec-56] org.apache.catalina.core.ApplicationContext.log Manager: start: Starting web application '/shopLaptop'
22-Jun-2022 11:19:23.658 INFO [http-nio-8080-exec-69] org.apache.catalina.core.ApplicationContext.log Manager: list: Listing contexts for virtual host 'localhost'
22-Jun-2022 11:22:37.971 INFO [http-nio-8080-exec-4] org.apache.catalina.core.ApplicationContext.log Manager: init: Associated with Deployer 'Catalina:type=Deployer,host=localhost'
22-Jun-2022 11:22:37.971 INFO [http-nio-8080-exec-4] org.apache.catalina.core.ApplicationContext.log Manager: init: Global resources are available
22-Jun-2022 11:22:37.988 INFO [http-nio-8080-exec-8] org.apache.catalina.core.ApplicationContext.log Manager: list: Listing contexts for virtual host 'localhost'
22-Jun-2022 11:22:38.048 INFO [http-nio-8080-exec-10] org.apache.catalina.core.ApplicationContext.log Manager: undeploy: Undeploying web application at '/shopLaptop'
22-Jun-2022 11:22:38.576 INFO [http-nio-8080-exec-9] org.apache.catalina.core.ApplicationContext.log Manager: install: Installing context configuration at 'file:/C:/Users/tuong/AppData/Local/Temp/context13241926595834389922.xml'
22-Jun-2022 11:22:38.900 INFO [http-nio-8080-exec-1] org.apache.catalina.core.ApplicationContext.log Manager: start: Starting web application '/shopLaptop'
22-Jun-2022 11:25:25.338 INFO [http-nio-8080-exec-11] org.apache.catalina.core.ApplicationContext.log Manager: list: Listing contexts for virtual host 'localhost'
22-Jun-2022 11:25:25.341 INFO [http-nio-8080-exec-13] org.apache.catalina.core.ApplicationContext.log Manager: list: Listing contexts for virtual host 'localhost'
22-Jun-2022 11:25:25.359 INFO [http-nio-8080-exec-16] org.apache.catalina.core.ApplicationContext.log Manager: undeploy: Undeploying web application at '/shopLaptop'
22-Jun-2022 11:25:25.880 INFO [http-nio-8080-exec-19] org.apache.catalina.core.ApplicationContext.log Manager: install: Installing context configuration at 'file:/C:/Users/tuong/AppData/Local/Temp/context15806027765221758927.xml'
22-Jun-2022 11:25:26.196 INFO [http-nio-8080-exec-14] org.apache.catalina.core.ApplicationContext.log Manager: start: Starting web application '/shopLaptop'
22-Jun-2022 11:35:36.186 INFO [http-nio-8080-exec-21] org.apache.catalina.core.ApplicationContext.log Manager: list: Listing contexts for virtual host 'localhost'
22-Jun-2022 11:36:07.171 INFO [http-nio-8080-exec-25] org.apache.catalina.core.ApplicationContext.log Manager: list: Listing contexts for virtual host 'localhost'
22-Jun-2022 11:45:08.952 INFO [http-nio-8080-exec-29] org.apache.catalina.core.ApplicationContext.log Manager: list: Listing contexts for virtual host 'localhost'
22-Jun-2022 11:45:08.954 INFO [http-nio-8080-exec-26] org.apache.catalina.core.ApplicationContext.log Manager: list: Listing contexts for virtual host 'localhost'
22-Jun-2022 11:45:08.970 INFO [http-nio-8080-exec-21] org.apache.catalina.core.ApplicationContext.log Manager: undeploy: Undeploying web application at '/shopLaptop'
22-Jun-2022 11:45:09.495 INFO [http-nio-8080-exec-25] org.apache.catalina.core.ApplicationContext.log Manager: install: Installing context configuration at 'file:/C:/Users/tuong/AppData/Local/Temp/context9866843278242997103.xml'
22-Jun-2022 11:45:09.906 INFO [http-nio-8080-exec-27] org.apache.catalina.core.ApplicationContext.log Manager: start: Starting web application '/shopLaptop'
22-Jun-2022 12:06:21.448 INFO [http-nio-8080-exec-3] org.apache.catalina.core.ApplicationContext.log Manager: init: Associated with Deployer 'Catalina:type=Deployer,host=localhost'
22-Jun-2022 12:06:21.448 INFO [http-nio-8080-exec-3] org.apache.catalina.core.ApplicationContext.log Manager: init: Global resources are available
22-Jun-2022 12:06:21.468 INFO [http-nio-8080-exec-8] org.apache.catalina.core.ApplicationContext.log Manager: list: Listing contexts for virtual host 'localhost'
22-Jun-2022 12:06:21.472 INFO [http-nio-8080-exec-9] org.apache.catalina.core.ApplicationContext.log Manager: list: Listing contexts for virtual host 'localhost'
22-Jun-2022 12:06:21.491 INFO [http-nio-8080-exec-6] org.apache.catalina.core.ApplicationContext.log Manager: undeploy: Undeploying web application at '/shopLaptop'
22-Jun-2022 12:06:22.018 INFO [http-nio-8080-exec-9] org.apache.catalina.core.ApplicationContext.log Manager: install: Installing context configuration at 'file:/C:/Users/tuong/AppData/Local/Temp/context16569090797910977697.xml'
22-Jun-2022 12:06:22.342 INFO [http-nio-8080-exec-2] org.apache.catalina.core.ApplicationContext.log Manager: start: Starting web application '/shopLaptop'
22-Jun-2022 12:27:56.107 INFO [http-nio-8080-exec-18] org.apache.catalina.core.ApplicationContext.log Manager: list: Listing contexts for virtual host 'localhost'
22-Jun-2022 12:27:56.109 INFO [http-nio-8080-exec-15] org.apache.catalina.core.ApplicationContext.log Manager: list: Listing contexts for virtual host 'localhost'
22-Jun-2022 12:27:56.124 INFO [http-nio-8080-exec-20] org.apache.catalina.core.ApplicationContext.log Manager: undeploy: Undeploying web application at '/shopLaptop'
22-Jun-2022 12:27:56.644 INFO [http-nio-8080-exec-16] org.apache.catalina.core.ApplicationContext.log Manager: install: Installing context configuration at 'file:/C:/Users/tuong/AppData/Local/Temp/context1963026075800751968.xml'
22-Jun-2022 12:27:56.985 INFO [http-nio-8080-exec-14] org.apache.catalina.core.ApplicationContext.log Manager: start: Starting web application '/shopLaptop'
22-Jun-2022 12:31:40.663 INFO [http-nio-8080-exec-27] org.apache.catalina.core.ApplicationContext.log Manager: list: Listing contexts for virtual host 'localhost'
22-Jun-2022 12:33:48.135 INFO [http-nio-8080-exec-26] org.apache.catalina.core.ApplicationContext.log Manager: list: Listing contexts for virtual host 'localhost'
22-Jun-2022 12:33:58.833 INFO [http-nio-8080-exec-30] org.apache.catalina.core.ApplicationContext.log Manager: list: Listing contexts for virtual host 'localhost'
22-Jun-2022 12:39:24.239 INFO [http-nio-8080-exec-24] org.apache.catalina.core.ApplicationContext.log Manager: list: Listing contexts for virtual host 'localhost'
22-Jun-2022 12:39:24.242 INFO [http-nio-8080-exec-27] org.apache.catalina.core.ApplicationContext.log Manager: list: Listing contexts for virtual host 'localhost'
22-Jun-2022 12:39:24.255 INFO [http-nio-8080-exec-28] org.apache.catalina.core.ApplicationContext.log Manager: undeploy: Undeploying web application at '/shopLaptop'
22-Jun-2022 12:39:24.771 INFO [http-nio-8080-exec-27] org.apache.catalina.core.ApplicationContext.log Manager: install: Installing context configuration at 'file:/C:/Users/tuong/AppData/Local/Temp/context8071781154184662566.xml'
22-Jun-2022 12:39:25.082 INFO [http-nio-8080-exec-30] org.apache.catalina.core.ApplicationContext.log Manager: start: Starting web application '/shopLaptop'
22-Jun-2022 12:40:16.929 INFO [http-nio-8080-exec-27] org.apache.catalina.core.ApplicationContext.log Manager: list: Listing contexts for virtual host 'localhost'
22-Jun-2022 12:40:16.931 INFO [http-nio-8080-exec-32] org.apache.catalina.core.ApplicationContext.log Manager: list: Listing contexts for virtual host 'localhost'
22-Jun-2022 12:40:16.944 INFO [http-nio-8080-exec-33] org.apache.catalina.core.ApplicationContext.log Manager: undeploy: Undeploying web application at '/shopLaptop'
22-Jun-2022 12:40:17.458 INFO [http-nio-8080-exec-32] org.apache.catalina.core.ApplicationContext.log Manager: install: Installing context configuration at 'file:/C:/Users/tuong/AppData/Local/Temp/context13768742479916672664.xml'
22-Jun-2022 12:40:17.820 INFO [http-nio-8080-exec-34] org.apache.catalina.core.ApplicationContext.log Manager: start: Starting web application '/shopLaptop'
22-Jun-2022 12:51:40.539 INFO [http-nio-8080-exec-39] org.apache.catalina.core.ApplicationContext.log Manager: list: Listing contexts for virtual host 'localhost'
22-Jun-2022 13:02:08.864 INFO [http-nio-8080-exec-4] org.apache.catalina.core.ApplicationContext.log Manager: init: Associated with Deployer 'Catalina:type=Deployer,host=localhost'
22-Jun-2022 13:02:08.864 INFO [http-nio-8080-exec-4] org.apache.catalina.core.ApplicationContext.log Manager: init: Global resources are available
22-Jun-2022 13:02:08.887 INFO [http-nio-8080-exec-8] org.apache.catalina.core.ApplicationContext.log Manager: list: Listing contexts for virtual host 'localhost'
22-Jun-2022 13:02:08.904 INFO [http-nio-8080-exec-9] org.apache.catalina.core.ApplicationContext.log Manager: undeploy: Undeploying web application at '/shopLaptop'
22-Jun-2022 13:02:09.432 INFO [http-nio-8080-exec-7] org.apache.catalina.core.ApplicationContext.log Manager: install: Installing context configuration at 'file:/C:/Users/tuong/AppData/Local/Temp/context3072723060925464398.xml'
22-Jun-2022 13:02:09.758 INFO [http-nio-8080-exec-8] org.apache.catalina.core.ApplicationContext.log Manager: start: Starting web application '/shopLaptop'
22-Jun-2022 13:48:05.473 INFO [http-nio-8080-exec-5] org.apache.catalina.core.ApplicationContext.log Manager: init: Associated with Deployer 'Catalina:type=Deployer,host=localhost'
22-Jun-2022 13:48:05.473 INFO [http-nio-8080-exec-5] org.apache.catalina.core.ApplicationContext.log Manager: init: Global resources are available
22-Jun-2022 13:48:05.526 INFO [http-nio-8080-exec-9] org.apache.catalina.core.ApplicationContext.log Manager: list: Listing contexts for virtual host 'localhost'
22-Jun-2022 13:48:05.535 INFO [http-nio-8080-exec-4] org.apache.catalina.core.ApplicationContext.log Manager: list: Listing contexts for virtual host 'localhost'
22-Jun-2022 13:48:05.625 INFO [http-nio-8080-exec-1] org.apache.catalina.core.ApplicationContext.log Manager: undeploy: Undeploying web application at '/shopLaptop'
22-Jun-2022 13:48:06.184 INFO [http-nio-8080-exec-10] org.apache.catalina.core.ApplicationContext.log Manager: install: Installing context configuration at 'file:/C:/Users/tuong/AppData/Local/Temp/context7105138014710050140.xml'
22-Jun-2022 13:48:06.752 INFO [http-nio-8080-exec-2] org.apache.catalina.core.ApplicationContext.log Manager: start: Starting web application '/shopLaptop'
22-Jun-2022 15:32:09.067 INFO [http-nio-8080-exec-3] org.apache.catalina.core.ApplicationContext.log Manager: init: Associated with Deployer 'Catalina:type=Deployer,host=localhost'
22-Jun-2022 15:32:09.067 INFO [http-nio-8080-exec-3] org.apache.catalina.core.ApplicationContext.log Manager: init: Global resources are available
22-Jun-2022 15:32:09.103 INFO [http-nio-8080-exec-9] org.apache.catalina.core.ApplicationContext.log Manager: list: Listing contexts for virtual host 'localhost'
22-Jun-2022 15:32:09.134 INFO [http-nio-8080-exec-10] org.apache.catalina.core.ApplicationContext.log Manager: undeploy: Undeploying web application at '/shopLaptop'
22-Jun-2022 15:32:09.661 INFO [http-nio-8080-exec-8] org.apache.catalina.core.ApplicationContext.log Manager: install: Installing context configuration at 'file:/C:/Users/tuong/AppData/Local/Temp/context5492552538626005015.xml'
22-Jun-2022 15:32:10.118 INFO [http-nio-8080-exec-7] org.apache.catalina.core.ApplicationContext.log Manager: start: Starting web application '/shopLaptop'
22-Jun-2022 15:33:56.262 INFO [http-nio-8080-exec-3] org.apache.catalina.core.ApplicationContext.log Manager: list: Listing contexts for virtual host 'localhost'
22-Jun-2022 15:33:56.273 INFO [http-nio-8080-exec-13] org.apache.catalina.core.ApplicationContext.log Manager: restart: Reloading web application '/shopLaptop'
